{"/home/travis/build/npmtest/node-npmtest-proxy/test.js":{"path":"/home/travis/build/npmtest/node-npmtest-proxy/test.js","s":{"1":2,"2":2,"3":2,"4":2,"5":2,"6":2,"7":2,"8":1,"9":2,"10":2,"11":1,"12":1,"13":1,"14":1,"15":2,"16":2,"17":2,"18":2,"19":1,"20":1,"21":2,"22":2,"23":2,"24":1,"25":1,"26":1,"27":1,"28":1,"29":1,"30":1,"31":1,"32":1,"33":1,"34":1,"35":1,"36":1,"37":1,"38":1,"39":2,"40":2,"41":1,"42":2,"43":2,"44":1,"45":2,"46":2,"47":1,"48":2,"49":2,"50":1,"51":1,"52":1,"53":1,"54":1},"b":{"1":[2,1,1,1],"2":[1,1,1,1],"3":[1,1],"4":[1,1],"5":[1,1],"6":[1,1],"7":[1,1],"8":[1,1],"9":[1,1],"10":[1,1,1],"11":[1,1],"12":[1,1],"13":[1,1],"14":[1,1],"15":[1,1],"16":[1,1],"17":[1,1]},"f":{"1":2,"2":2,"3":2,"4":2,"5":2,"6":1,"7":1,"8":1,"9":2,"10":2,"11":2,"12":2,"13":1},"fnMap":{"1":{"name":"(anonymous_1)","line":12,"loc":{"start":{"line":12,"column":1},"end":{"line":12,"column":13}}},"2":{"name":"(anonymous_2)","line":19,"loc":{"start":{"line":19,"column":5},"end":{"line":19,"column":17}}},"3":{"name":"(anonymous_3)","line":23,"loc":{"start":{"line":23,"column":24},"end":{"line":23,"column":36}}},"4":{"name":"(anonymous_4)","line":61,"loc":{"start":{"line":61,"column":5},"end":{"line":61,"column":17}}},"5":{"name":"(anonymous_5)","line":82,"loc":{"start":{"line":82,"column":5},"end":{"line":82,"column":17}}},"6":{"name":"(anonymous_6)","line":91,"loc":{"start":{"line":91,"column":77},"end":{"line":94,"column":10}}},"7":{"name":"(anonymous_7)","line":112,"loc":{"start":{"line":112,"column":83},"end":{"line":115,"column":10}},"skip":true},"8":{"name":"(anonymous_8)","line":123,"loc":{"start":{"line":123,"column":77},"end":{"line":126,"column":10}},"skip":true},"9":{"name":"(anonymous_9)","line":139,"loc":{"start":{"line":139,"column":12},"end":{"line":139,"column":40}},"skip":true},"10":{"name":"(anonymous_10)","line":147,"loc":{"start":{"line":147,"column":77},"end":{"line":150,"column":10}},"skip":true},"11":{"name":"(anonymous_11)","line":158,"loc":{"start":{"line":158,"column":83},"end":{"line":161,"column":10}},"skip":true},"12":{"name":"(anonymous_12)","line":169,"loc":{"start":{"line":169,"column":79},"end":{"line":172,"column":10}},"skip":true},"13":{"name":"(anonymous_13)","line":180,"loc":{"start":{"line":180,"column":75},"end":{"line":183,"column":10}},"skip":true}},"statementMap":{"1":{"start":{"line":12,"column":0},"end":{"line":195,"column":5}},"2":{"start":{"line":14,"column":4},"end":{"line":14,"column":14}},"3":{"start":{"line":19,"column":4},"end":{"line":56,"column":9}},"4":{"start":{"line":21,"column":8},"end":{"line":21,"column":19}},"5":{"start":{"line":23,"column":8},"end":{"line":35,"column":13}},"6":{"start":{"line":24,"column":12},"end":{"line":34,"column":13}},"7":{"start":{"line":25,"column":16},"end":{"line":28,"column":30}},"8":{"start":{"line":30,"column":16},"end":{"line":33,"column":27}},"9":{"start":{"line":37,"column":8},"end":{"line":39,"column":21}},"10":{"start":{"line":40,"column":8},"end":{"line":53,"column":9}},"11":{"start":{"line":43,"column":12},"end":{"line":46,"column":14}},"12":{"start":{"line":47,"column":12},"end":{"line":47,"column":18}},"13":{"start":{"line":50,"column":12},"end":{"line":51,"column":46}},"14":{"start":{"line":52,"column":12},"end":{"line":52,"column":18}},"15":{"start":{"line":55,"column":8},"end":{"line":55,"column":35}},"16":{"start":{"line":61,"column":4},"end":{"line":63,"column":9}},"17":{"start":{"line":62,"column":8},"end":{"line":62,"column":15}},"18":{"start":{"line":64,"column":4},"end":{"line":77,"column":5}},"19":{"start":{"line":70,"column":8},"end":{"line":70,"column":14}},"20":{"start":{"line":76,"column":8},"end":{"line":76,"column":14}},"21":{"start":{"line":82,"column":4},"end":{"line":84,"column":9}},"22":{"start":{"line":83,"column":8},"end":{"line":83,"column":15}},"23":{"start":{"line":85,"column":4},"end":{"line":194,"column":5}},"24":{"start":{"line":91,"column":8},"end":{"line":99,"column":10}},"25":{"start":{"line":98,"column":12},"end":{"line":98,"column":35}},"26":{"start":{"line":102,"column":8},"end":{"line":104,"column":63}},"27":{"start":{"line":105,"column":8},"end":{"line":105,"column":14}},"28":{"start":{"line":112,"column":8},"end":{"line":121,"column":10},"skip":true},"29":{"start":{"line":119,"column":12},"end":{"line":119,"column":55},"skip":true},"30":{"start":{"line":120,"column":12},"end":{"line":120,"column":48},"skip":true},"31":{"start":{"line":123,"column":8},"end":{"line":136,"column":10},"skip":true},"32":{"start":{"line":130,"column":12},"end":{"line":130,"column":76},"skip":true},"33":{"start":{"line":131,"column":12},"end":{"line":131,"column":73},"skip":true},"34":{"start":{"line":132,"column":12},"end":{"line":132,"column":74},"skip":true},"35":{"start":{"line":133,"column":12},"end":{"line":133,"column":79},"skip":true},"36":{"start":{"line":134,"column":12},"end":{"line":134,"column":25},"skip":true},"37":{"start":{"line":135,"column":12},"end":{"line":135,"column":45},"skip":true},"38":{"start":{"line":138,"column":8},"end":{"line":145,"column":14},"skip":true},"39":{"start":{"line":143,"column":16},"end":{"line":143,"column":29},"skip":true},"40":{"start":{"line":144,"column":16},"end":{"line":144,"column":55},"skip":true},"41":{"start":{"line":147,"column":8},"end":{"line":156,"column":10},"skip":true},"42":{"start":{"line":154,"column":12},"end":{"line":154,"column":25},"skip":true},"43":{"start":{"line":155,"column":12},"end":{"line":155,"column":45},"skip":true},"44":{"start":{"line":158,"column":8},"end":{"line":167,"column":10},"skip":true},"45":{"start":{"line":165,"column":12},"end":{"line":165,"column":25},"skip":true},"46":{"start":{"line":166,"column":12},"end":{"line":166,"column":48},"skip":true},"47":{"start":{"line":169,"column":8},"end":{"line":178,"column":10},"skip":true},"48":{"start":{"line":176,"column":12},"end":{"line":176,"column":25},"skip":true},"49":{"start":{"line":177,"column":12},"end":{"line":177,"column":46},"skip":true},"50":{"start":{"line":180,"column":8},"end":{"line":189,"column":10},"skip":true},"51":{"start":{"line":187,"column":12},"end":{"line":187,"column":94},"skip":true},"52":{"start":{"line":188,"column":12},"end":{"line":188,"column":48},"skip":true},"53":{"start":{"line":192,"column":8},"end":{"line":192,"column":35},"skip":true},"54":{"start":{"line":193,"column":8},"end":{"line":193,"column":14},"skip":true}},"branchMap":{"1":{"line":25,"type":"binary-expr","locations":[{"start":{"line":25,"column":23},"end":{"line":25,"column":62}},{"start":{"line":26,"column":20},"end":{"line":26,"column":70}},{"start":{"line":27,"column":20},"end":{"line":27,"column":71}},{"start":{"line":28,"column":20},"end":{"line":28,"column":29}}]},"2":{"line":30,"type":"binary-expr","locations":[{"start":{"line":30,"column":23},"end":{"line":30,"column":37}},{"start":{"line":31,"column":20},"end":{"line":31,"column":61}},{"start":{"line":32,"column":20},"end":{"line":32,"column":70}},{"start":{"line":33,"column":20},"end":{"line":33,"column":26}}]},"3":{"line":37,"type":"cond-expr","locations":[{"start":{"line":38,"column":14},"end":{"line":38,"column":20}},{"start":{"line":39,"column":14},"end":{"line":39,"column":20}}]},"4":{"line":40,"type":"switch","locations":[{"start":{"line":42,"column":8},"end":{"line":47,"column":18}},{"start":{"line":49,"column":8},"end":{"line":52,"column":18}}]},"5":{"line":44,"type":"binary-expr","locations":[{"start":{"line":44,"column":16},"end":{"line":44,"column":44}},{"start":{"line":44,"column":48},"end":{"line":44,"column":66}}]},"6":{"line":50,"type":"binary-expr","locations":[{"start":{"line":50,"column":21},"end":{"line":50,"column":49}},{"start":{"line":50,"column":53},"end":{"line":50,"column":72}}]},"7":{"line":64,"type":"switch","locations":[{"start":{"line":69,"column":4},"end":{"line":70,"column":14}},{"start":{"line":75,"column":4},"end":{"line":76,"column":14}}]},"8":{"line":85,"type":"switch","locations":[{"start":{"line":90,"column":4},"end":{"line":105,"column":14}},{"start":{"line":111,"column":4},"end":{"line":193,"column":14},"skip":true}]},"9":{"line":91,"type":"binary-expr","locations":[{"start":{"line":91,"column":42},"end":{"line":91,"column":73}},{"start":{"line":91,"column":77},"end":{"line":99,"column":9}}]},"10":{"line":102,"type":"binary-expr","locations":[{"start":{"line":102,"column":18},"end":{"line":102,"column":32}},{"start":{"line":103,"column":12},"end":{"line":103,"column":53}},{"start":{"line":104,"column":12},"end":{"line":104,"column":61}}]},"11":{"line":112,"type":"binary-expr","locations":[{"start":{"line":112,"column":45},"end":{"line":112,"column":79},"skip":true},{"start":{"line":112,"column":83},"end":{"line":121,"column":9},"skip":true}]},"12":{"line":123,"type":"binary-expr","locations":[{"start":{"line":123,"column":42},"end":{"line":123,"column":73},"skip":true},{"start":{"line":123,"column":77},"end":{"line":136,"column":9},"skip":true}]},"13":{"line":138,"type":"binary-expr","locations":[{"start":{"line":138,"column":48},"end":{"line":138,"column":85},"skip":true},{"start":{"line":139,"column":12},"end":{"line":145,"column":13},"skip":true}]},"14":{"line":147,"type":"binary-expr","locations":[{"start":{"line":147,"column":42},"end":{"line":147,"column":73},"skip":true},{"start":{"line":147,"column":77},"end":{"line":156,"column":9},"skip":true}]},"15":{"line":158,"type":"binary-expr","locations":[{"start":{"line":158,"column":45},"end":{"line":158,"column":79},"skip":true},{"start":{"line":158,"column":83},"end":{"line":167,"column":9},"skip":true}]},"16":{"line":169,"type":"binary-expr","locations":[{"start":{"line":169,"column":43},"end":{"line":169,"column":75},"skip":true},{"start":{"line":169,"column":79},"end":{"line":178,"column":9},"skip":true}]},"17":{"line":180,"type":"binary-expr","locations":[{"start":{"line":180,"column":41},"end":{"line":180,"column":71},"skip":true},{"start":{"line":180,"column":75},"end":{"line":189,"column":9},"skip":true}]}},"code":["/* istanbul instrument in package npmtest_proxy */","/*jslint","    bitwise: true,","    browser: true,","    maxerr: 8,","    maxlen: 96,","    node: true,","    nomen: true,","    regexp: true,","    stupid: true","*/","(function () {","    'use strict';","    var local;","","","","    // run shared js-env code - pre-init","    (function () {","        // init local","        local = {};","        // init modeJs","        local.modeJs = (function () {","            try {","                return typeof navigator.userAgent === 'string' &&","                    typeof document.querySelector('body') === 'object' &&","                    typeof XMLHttpRequest.prototype.open === 'function' &&","                    'browser';","            } catch (errorCaughtBrowser) {","                return module.exports &&","                    typeof process.versions.node === 'string' &&","                    typeof require('http').createServer === 'function' &&","                    'node';","            }","        }());","        // init global","        local.global = local.modeJs === 'browser'","            ? window","            : global;","        switch (local.modeJs) {","        // re-init local from window.local","        case 'browser':","            local = local.global.utility2.objectSetDefault(","                local.global.utility2_rollup || local.global.local,","                local.global.utility2","            );","            break;","        // re-init local from example.js","        case 'node':","            local = (local.global.utility2_rollup || require('utility2'))","                .requireExampleJsFromReadme();","            break;","        }","        // export local","        local.global.local = local;","    }());","","","","    // run shared js-env code - function","    (function () {","        return;","    }());","    switch (local.modeJs) {","","","","    // run browser js-env code - function","    case 'browser':","        break;","","","","    // run node js-env code - function","    case 'node':","        break;","    }","","","","    // run shared js-env code - post-init","    (function () {","        return;","    }());","    switch (local.modeJs) {","","","","    // run browser js-env code - post-init","    case 'browser':","        local.testCase_browser_nullCase = local.testCase_browser_nullCase || function (","            options,","            onError","        ) {","        /*","         * this function will test browsers's null-case handling-behavior-behavior","         */","            onError(null, options);","        };","","        // run tests","        local.nop(local.modeTest &&","            document.querySelector('#testRunButton1') &&","            document.querySelector('#testRunButton1').click());","        break;","","","","    // run node js-env code - post-init","    /* istanbul ignore next */","    case 'node':","        local.testCase_buildApidoc_default = local.testCase_buildApidoc_default || function (","            options,","            onError","        ) {","        /*","         * this function will test buildApidoc's default handling-behavior-behavior","         */","            options = { modulePathList: module.paths };","            local.buildApidoc(options, onError);","        };","","        local.testCase_buildApp_default = local.testCase_buildApp_default || function (","            options,","            onError","        ) {","        /*","         * this function will test buildApp's default handling-behavior-behavior","         */","            local.testCase_buildReadme_default(options, local.onErrorThrow);","            local.testCase_buildLib_default(options, local.onErrorThrow);","            local.testCase_buildTest_default(options, local.onErrorThrow);","            local.testCase_buildCustomOrg_default(options, local.onErrorThrow);","            options = [];","            local.buildApp(options, onError);","        };","","        local.testCase_buildCustomOrg_default = local.testCase_buildCustomOrg_default ||","            function (options, onError) {","            /*","             * this function will test buildCustomOrg's default handling-behavior","             */","                options = {};","                local.buildCustomOrg(options, onError);","            };","","        local.testCase_buildLib_default = local.testCase_buildLib_default || function (","            options,","            onError","        ) {","        /*","         * this function will test buildLib's default handling-behavior","         */","            options = {};","            local.buildLib(options, onError);","        };","","        local.testCase_buildReadme_default = local.testCase_buildReadme_default || function (","            options,","            onError","        ) {","        /*","         * this function will test buildReadme's default handling-behavior-behavior","         */","            options = {};","            local.buildReadme(options, onError);","        };","","        local.testCase_buildTest_default = local.testCase_buildTest_default || function (","            options,","            onError","        ) {","        /*","         * this function will test buildTest's default handling-behavior","         */","            options = {};","            local.buildTest(options, onError);","        };","","        local.testCase_webpage_default = local.testCase_webpage_default || function (","            options,","            onError","        ) {","        /*","         * this function will test webpage's default handling-behavior","         */","            options = { modeCoverageMerge: true, url: local.serverLocalHost + '?modeTest=1' };","            local.browserTest(options, onError);","        };","","        // run test-server","        local.testRunServer(local);","        break;","    }","}());",""],"l":{"12":2,"14":2,"19":2,"21":2,"23":2,"24":2,"25":2,"30":1,"37":2,"40":2,"43":1,"47":1,"50":1,"52":1,"55":2,"61":2,"62":2,"64":2,"70":1,"76":1,"82":2,"83":2,"85":2,"91":1,"98":1,"102":1,"105":1,"112":1,"119":1,"120":1,"123":1,"130":1,"131":1,"132":1,"133":1,"134":1,"135":1,"138":1,"143":2,"144":2,"147":1,"154":2,"155":2,"158":1,"165":2,"166":2,"169":1,"176":2,"177":2,"180":1,"187":1,"188":1,"192":1,"193":1}},"/home/travis/build/npmtest/node-npmtest-proxy/lib.npmtest_proxy.js":{"path":"/home/travis/build/npmtest/node-npmtest-proxy/lib.npmtest_proxy.js","s":{"1":2,"2":2,"3":2,"4":2,"5":2,"6":2,"7":2,"8":1,"9":2,"10":2,"11":2,"12":2,"13":1,"14":1,"15":1,"16":1},"b":{"1":[2,1,1,1],"2":[1,1,1,1],"3":[1,1],"4":[2,2],"5":[1,1]},"f":{"1":2,"2":2,"3":2},"fnMap":{"1":{"name":"(anonymous_1)","line":12,"loc":{"start":{"line":12,"column":1},"end":{"line":12,"column":13}}},"2":{"name":"(anonymous_2)","line":19,"loc":{"start":{"line":19,"column":5},"end":{"line":19,"column":17}}},"3":{"name":"(anonymous_3)","line":23,"loc":{"start":{"line":23,"column":24},"end":{"line":23,"column":36}}}},"statementMap":{"1":{"start":{"line":12,"column":0},"end":{"line":53,"column":5}},"2":{"start":{"line":14,"column":4},"end":{"line":14,"column":14}},"3":{"start":{"line":19,"column":4},"end":{"line":52,"column":9}},"4":{"start":{"line":21,"column":8},"end":{"line":21,"column":19}},"5":{"start":{"line":23,"column":8},"end":{"line":35,"column":13}},"6":{"start":{"line":24,"column":12},"end":{"line":34,"column":13}},"7":{"start":{"line":25,"column":16},"end":{"line":28,"column":30}},"8":{"start":{"line":30,"column":16},"end":{"line":33,"column":27}},"9":{"start":{"line":37,"column":8},"end":{"line":39,"column":21}},"10":{"start":{"line":41,"column":8},"end":{"line":41,"column":54}},"11":{"start":{"line":43,"column":8},"end":{"line":43,"column":50}},"12":{"start":{"line":45,"column":8},"end":{"line":51,"column":9}},"13":{"start":{"line":46,"column":12},"end":{"line":46,"column":56}},"14":{"start":{"line":48,"column":12},"end":{"line":48,"column":35}},"15":{"start":{"line":49,"column":12},"end":{"line":49,"column":49}},"16":{"start":{"line":50,"column":12},"end":{"line":50,"column":43}}},"branchMap":{"1":{"line":25,"type":"binary-expr","locations":[{"start":{"line":25,"column":23},"end":{"line":25,"column":62}},{"start":{"line":26,"column":20},"end":{"line":26,"column":70}},{"start":{"line":27,"column":20},"end":{"line":27,"column":71}},{"start":{"line":28,"column":20},"end":{"line":28,"column":29}}]},"2":{"line":30,"type":"binary-expr","locations":[{"start":{"line":30,"column":23},"end":{"line":30,"column":37}},{"start":{"line":31,"column":20},"end":{"line":31,"column":61}},{"start":{"line":32,"column":20},"end":{"line":32,"column":70}},{"start":{"line":33,"column":20},"end":{"line":33,"column":26}}]},"3":{"line":37,"type":"cond-expr","locations":[{"start":{"line":38,"column":14},"end":{"line":38,"column":20}},{"start":{"line":39,"column":14},"end":{"line":39,"column":20}}]},"4":{"line":41,"type":"binary-expr","locations":[{"start":{"line":41,"column":16},"end":{"line":41,"column":44}},{"start":{"line":41,"column":48},"end":{"line":41,"column":53}}]},"5":{"line":45,"type":"if","locations":[{"start":{"line":45,"column":8},"end":{"line":45,"column":8}},{"start":{"line":45,"column":8},"end":{"line":45,"column":8}}]}},"code":["/* istanbul instrument in package npmtest_proxy */","/*jslint","    bitwise: true,","    browser: true,","    maxerr: 8,","    maxlen: 96,","    node: true,","    nomen: true,","    regexp: true,","    stupid: true","*/","(function () {","    'use strict';","    var local;","","","","    // run shared js-env code - pre-init","    (function () {","        // init local","        local = {};","        // init modeJs","        local.modeJs = (function () {","            try {","                return typeof navigator.userAgent === 'string' &&","                    typeof document.querySelector('body') === 'object' &&","                    typeof XMLHttpRequest.prototype.open === 'function' &&","                    'browser';","            } catch (errorCaughtBrowser) {","                return module.exports &&","                    typeof process.versions.node === 'string' &&","                    typeof require('http').createServer === 'function' &&","                    'node';","            }","        }());","        // init global","        local.global = local.modeJs === 'browser'","            ? window","            : global;","        // init utility2_rollup","        local = local.global.utility2_rollup || local;","        // init lib","        local.local = local.npmtest_proxy = local;","        // init exports","        if (local.modeJs === 'browser') {","            local.global.utility2_npmtest_proxy = local;","        } else {","            module.exports = local;","            module.exports.__dirname = __dirname;","            module.exports.module = module;","        }","    }());","}());",""],"l":{"12":2,"14":2,"19":2,"21":2,"23":2,"24":2,"25":2,"30":1,"37":2,"41":2,"43":2,"45":2,"46":1,"48":1,"49":1,"50":1}},"/home/travis/build/npmtest/node-npmtest-proxy/example.js":{"path":"/home/travis/build/npmtest/node-npmtest-proxy/example.js","s":{"1":2,"2":2,"3":2,"4":2,"5":2,"6":2,"7":2,"8":1,"9":2,"10":2,"11":2,"12":2,"13":1,"14":2,"15":2,"16":2,"17":2,"18":2,"19":0,"20":2,"21":1,"22":1,"23":1,"24":1,"25":1,"26":0,"27":0,"28":1,"29":1,"30":2,"31":0,"32":0,"33":0,"34":1,"35":2,"36":2,"37":3,"38":3,"39":3,"40":3,"41":0,"42":3,"43":3,"44":3,"45":1,"46":3,"47":1,"48":1,"49":1,"50":1,"51":1,"52":1,"53":1,"54":1,"55":1,"56":1,"57":0,"58":1,"59":6,"60":6,"61":1,"62":2,"63":0,"64":2,"65":1,"66":1,"67":0,"68":0,"69":0,"70":0,"71":0,"72":0,"73":0,"74":0,"75":0,"76":0,"77":0,"78":0,"79":0,"80":0,"81":0,"82":0,"83":0},"b":{"1":[2,1,1,1],"2":[1,1,1,1],"3":[1,1],"4":[2,2],"5":[1,1],"6":[1,1],"7":[2,0],"8":[2,1,1,1,1,1],"9":[0,2,0],"10":[1,1],"11":[2,1,1],"12":[1,0],"13":[0,2],"14":[2,0,0,0,0,0,0],"15":[0,3],"16":[3,0],"17":[1,1],"18":[0,1],"19":[1,2,0,2],"20":[1,0],"21":[1,1],"22":[0,0],"23":[0,0],"24":[0,0],"25":[0,0],"26":[0,0],"27":[0,0],"28":[0,0]},"f":{"1":2,"2":2,"3":2,"4":2,"5":2,"6":2,"7":3,"8":3,"9":3,"10":1,"11":6,"12":0},"fnMap":{"1":{"name":"(anonymous_1)","line":26,"loc":{"start":{"line":26,"column":1},"end":{"line":26,"column":13}}},"2":{"name":"(anonymous_2)","line":33,"loc":{"start":{"line":33,"column":5},"end":{"line":33,"column":17}}},"3":{"name":"(anonymous_3)","line":37,"loc":{"start":{"line":37,"column":24},"end":{"line":37,"column":36}}},"4":{"name":"(anonymous_4)","line":69,"loc":{"start":{"line":69,"column":31},"end":{"line":69,"column":48}},"skip":true},"5":{"name":"(anonymous_5)","line":78,"loc":{"start":{"line":78,"column":26},"end":{"line":78,"column":45}},"skip":true},"6":{"name":"(anonymous_6)","line":123,"loc":{"start":{"line":123,"column":33},"end":{"line":123,"column":48}},"skip":true},"7":{"name":"(anonymous_7)","line":125,"loc":{"start":{"line":125,"column":27},"end":{"line":125,"column":39}},"skip":true},"8":{"name":"(anonymous_8)","line":133,"loc":{"start":{"line":133,"column":59},"end":{"line":133,"column":74}},"skip":true},"9":{"name":"(anonymous_9)","line":143,"loc":{"start":{"line":143,"column":45},"end":{"line":143,"column":62}},"skip":true},"10":{"name":"(anonymous_10)","line":144,"loc":{"start":{"line":144,"column":73},"end":{"line":144,"column":92}},"skip":true},"11":{"name":"(anonymous_11)","line":272,"loc":{"start":{"line":272,"column":51},"end":{"line":272,"column":77}},"skip":true},"12":{"name":"(anonymous_12)","line":315,"loc":{"start":{"line":315,"column":32},"end":{"line":315,"column":61}},"skip":true}},"statementMap":{"1":{"start":{"line":26,"column":0},"end":{"line":326,"column":5}},"2":{"start":{"line":28,"column":4},"end":{"line":28,"column":14}},"3":{"start":{"line":33,"column":4},"end":{"line":60,"column":9}},"4":{"start":{"line":35,"column":8},"end":{"line":35,"column":19}},"5":{"start":{"line":37,"column":8},"end":{"line":49,"column":13}},"6":{"start":{"line":38,"column":12},"end":{"line":48,"column":13}},"7":{"start":{"line":39,"column":16},"end":{"line":42,"column":30}},"8":{"start":{"line":44,"column":16},"end":{"line":47,"column":27}},"9":{"start":{"line":51,"column":8},"end":{"line":53,"column":21}},"10":{"start":{"line":55,"column":8},"end":{"line":57,"column":45}},"11":{"start":{"line":59,"column":8},"end":{"line":59,"column":35}},"12":{"start":{"line":61,"column":4},"end":{"line":325,"column":5}},"13":{"start":{"line":69,"column":8},"end":{"line":121,"column":10},"skip":true},"14":{"start":{"line":70,"column":12},"end":{"line":88,"column":13},"skip":true},"15":{"start":{"line":76,"column":16},"end":{"line":87,"column":19},"skip":true},"16":{"start":{"line":79,"column":20},"end":{"line":86,"column":21},"skip":true},"17":{"start":{"line":82,"column":24},"end":{"line":82,"column":43},"skip":true},"18":{"start":{"line":83,"column":24},"end":{"line":83,"column":30},"skip":true},"19":{"start":{"line":85,"column":24},"end":{"line":85,"column":49},"skip":true},"20":{"start":{"line":89,"column":12},"end":{"line":107,"column":13},"skip":true},"21":{"start":{"line":92,"column":16},"end":{"line":102,"column":17},"skip":true},"22":{"start":{"line":93,"column":20},"end":{"line":93,"column":86},"skip":true},"23":{"start":{"line":94,"column":20},"end":{"line":95,"column":45},"skip":true},"24":{"start":{"line":96,"column":20},"end":{"line":96,"column":42},"skip":true},"25":{"start":{"line":97,"column":20},"end":{"line":97,"column":48},"skip":true},"26":{"start":{"line":100,"column":20},"end":{"line":100,"column":85},"skip":true},"27":{"start":{"line":101,"column":20},"end":{"line":101,"column":96},"skip":true},"28":{"start":{"line":103,"column":16},"end":{"line":103,"column":22},"skip":true},"29":{"start":{"line":106,"column":16},"end":{"line":106,"column":22},"skip":true},"30":{"start":{"line":108,"column":12},"end":{"line":120,"column":13},"skip":true},"31":{"start":{"line":114,"column":16},"end":{"line":119,"column":17},"skip":true},"32":{"start":{"line":116,"column":20},"end":{"line":116,"column":78},"skip":true},"33":{"start":{"line":118,"column":20},"end":{"line":118,"column":47},"skip":true},"34":{"start":{"line":123,"column":8},"end":{"line":141,"column":11},"skip":true},"35":{"start":{"line":124,"column":12},"end":{"line":124,"column":54},"skip":true},"36":{"start":{"line":125,"column":12},"end":{"line":140,"column":14},"skip":true},"37":{"start":{"line":126,"column":16},"end":{"line":126,"column":28},"skip":true},"38":{"start":{"line":127,"column":16},"end":{"line":127,"column":69},"skip":true},"39":{"start":{"line":128,"column":16},"end":{"line":128,"column":75},"skip":true},"40":{"start":{"line":129,"column":16},"end":{"line":131,"column":17},"skip":true},"41":{"start":{"line":130,"column":20},"end":{"line":130,"column":27},"skip":true},"42":{"start":{"line":133,"column":16},"end":{"line":137,"column":36},"skip":true},"43":{"start":{"line":134,"column":20},"end":{"line":136,"column":55},"skip":true},"44":{"start":{"line":139,"column":16},"end":{"line":139,"column":57},"skip":true},"45":{"start":{"line":143,"column":8},"end":{"line":147,"column":11},"skip":true},"46":{"start":{"line":144,"column":12},"end":{"line":146,"column":15},"skip":true},"47":{"start":{"line":145,"column":16},"end":{"line":145,"column":70},"skip":true},"48":{"start":{"line":149,"column":8},"end":{"line":149,"column":31},"skip":true},"49":{"start":{"line":150,"column":8},"end":{"line":150,"column":14},"skip":true},"50":{"start":{"line":158,"column":8},"end":{"line":158,"column":31},"skip":true},"51":{"start":{"line":160,"column":8},"end":{"line":160,"column":33},"skip":true},"52":{"start":{"line":161,"column":8},"end":{"line":161,"column":37},"skip":true},"53":{"start":{"line":162,"column":8},"end":{"line":162,"column":35},"skip":true},"54":{"start":{"line":164,"column":8},"end":{"line":164,"column":50},"skip":true},"55":{"start":{"line":166,"column":8},"end":{"line":256,"column":2},"skip":true},"56":{"start":{"line":258,"column":8},"end":{"line":286,"column":9},"skip":true},"57":{"start":{"line":259,"column":12},"end":{"line":269,"column":14},"skip":true},"58":{"start":{"line":271,"column":12},"end":{"line":285,"column":19},"skip":true},"59":{"start":{"line":274,"column":20},"end":{"line":274,"column":35},"skip":true},"60":{"start":{"line":275,"column":20},"end":{"line":284,"column":21},"skip":true},"61":{"start":{"line":277,"column":24},"end":{"line":277,"column":64},"skip":true},"62":{"start":{"line":279,"column":24},"end":{"line":279,"column":40},"skip":true},"63":{"start":{"line":281,"column":24},"end":{"line":281,"column":40},"skip":true},"64":{"start":{"line":283,"column":24},"end":{"line":283,"column":39},"skip":true},"65":{"start":{"line":288,"column":8},"end":{"line":290,"column":9},"skip":true},"66":{"start":{"line":289,"column":12},"end":{"line":289,"column":18},"skip":true},"67":{"start":{"line":291,"column":8},"end":{"line":293,"column":54},"skip":true},"68":{"start":{"line":296,"column":8},"end":{"line":301,"column":37},"skip":true},"69":{"start":{"line":303,"column":8},"end":{"line":303,"column":82},"skip":true},"70":{"start":{"line":306,"column":8},"end":{"line":308,"column":9},"skip":true},"71":{"start":{"line":307,"column":12},"end":{"line":307,"column":82},"skip":true},"72":{"start":{"line":310,"column":8},"end":{"line":312,"column":9},"skip":true},"73":{"start":{"line":311,"column":12},"end":{"line":311,"column":18},"skip":true},"74":{"start":{"line":313,"column":8},"end":{"line":313,"column":54},"skip":true},"75":{"start":{"line":314,"column":8},"end":{"line":314,"column":69},"skip":true},"76":{"start":{"line":315,"column":8},"end":{"line":323,"column":36},"skip":true},"77":{"start":{"line":316,"column":12},"end":{"line":316,"column":61},"skip":true},"78":{"start":{"line":317,"column":12},"end":{"line":320,"column":13},"skip":true},"79":{"start":{"line":318,"column":16},"end":{"line":318,"column":75},"skip":true},"80":{"start":{"line":319,"column":16},"end":{"line":319,"column":23},"skip":true},"81":{"start":{"line":321,"column":12},"end":{"line":321,"column":38},"skip":true},"82":{"start":{"line":322,"column":12},"end":{"line":322,"column":27},"skip":true},"83":{"start":{"line":324,"column":8},"end":{"line":324,"column":14},"skip":true}},"branchMap":{"1":{"line":39,"type":"binary-expr","locations":[{"start":{"line":39,"column":23},"end":{"line":39,"column":62}},{"start":{"line":40,"column":20},"end":{"line":40,"column":70}},{"start":{"line":41,"column":20},"end":{"line":41,"column":71}},{"start":{"line":42,"column":20},"end":{"line":42,"column":29}}]},"2":{"line":44,"type":"binary-expr","locations":[{"start":{"line":44,"column":23},"end":{"line":44,"column":37}},{"start":{"line":45,"column":20},"end":{"line":45,"column":61}},{"start":{"line":46,"column":20},"end":{"line":46,"column":70}},{"start":{"line":47,"column":20},"end":{"line":47,"column":26}}]},"3":{"line":51,"type":"cond-expr","locations":[{"start":{"line":52,"column":14},"end":{"line":52,"column":20}},{"start":{"line":53,"column":14},"end":{"line":53,"column":20}}]},"4":{"line":55,"type":"binary-expr","locations":[{"start":{"line":55,"column":16},"end":{"line":55,"column":44}},{"start":{"line":55,"column":49},"end":{"line":57,"column":43}}]},"5":{"line":55,"type":"cond-expr","locations":[{"start":{"line":56,"column":14},"end":{"line":56,"column":49}},{"start":{"line":57,"column":14},"end":{"line":57,"column":43}}]},"6":{"line":61,"type":"switch","locations":[{"start":{"line":68,"column":4},"end":{"line":150,"column":14},"skip":true},{"start":{"line":156,"column":4},"end":{"line":324,"column":14},"skip":true}]},"7":{"line":70,"type":"if","locations":[{"start":{"line":70,"column":12},"end":{"line":70,"column":12},"skip":true},{"start":{"line":70,"column":12},"end":{"line":70,"column":12},"skip":true}]},"8":{"line":70,"type":"binary-expr","locations":[{"start":{"line":70,"column":16},"end":{"line":70,"column":22},"skip":true},{"start":{"line":70,"column":27},"end":{"line":70,"column":32},"skip":true},{"start":{"line":71,"column":20},"end":{"line":71,"column":39},"skip":true},{"start":{"line":72,"column":20},"end":{"line":72,"column":49},"skip":true},{"start":{"line":73,"column":20},"end":{"line":73,"column":58},"skip":true},{"start":{"line":74,"column":20},"end":{"line":74,"column":69},"skip":true}]},"9":{"line":79,"type":"switch","locations":[{"start":{"line":80,"column":20},"end":{"line":80,"column":33},"skip":true},{"start":{"line":81,"column":20},"end":{"line":83,"column":30},"skip":true},{"start":{"line":84,"column":20},"end":{"line":85,"column":49},"skip":true}]},"10":{"line":89,"type":"switch","locations":[{"start":{"line":90,"column":12},"end":{"line":103,"column":22},"skip":true},{"start":{"line":105,"column":12},"end":{"line":106,"column":22},"skip":true}]},"11":{"line":89,"type":"binary-expr","locations":[{"start":{"line":89,"column":20},"end":{"line":89,"column":25},"skip":true},{"start":{"line":89,"column":29},"end":{"line":89,"column":48},"skip":true},{"start":{"line":89,"column":52},"end":{"line":89,"column":74},"skip":true}]},"12":{"line":92,"type":"if","locations":[{"start":{"line":92,"column":16},"end":{"line":92,"column":16},"skip":true},{"start":{"line":92,"column":16},"end":{"line":92,"column":16},"skip":true}]},"13":{"line":108,"type":"if","locations":[{"start":{"line":108,"column":12},"end":{"line":108,"column":12},"skip":true},{"start":{"line":108,"column":12},"end":{"line":108,"column":12},"skip":true}]},"14":{"line":108,"type":"binary-expr","locations":[{"start":{"line":108,"column":16},"end":{"line":108,"column":61},"skip":true},{"start":{"line":108,"column":66},"end":{"line":108,"column":72},"skip":true},{"start":{"line":108,"column":77},"end":{"line":108,"column":82},"skip":true},{"start":{"line":109,"column":20},"end":{"line":109,"column":39},"skip":true},{"start":{"line":110,"column":20},"end":{"line":110,"column":49},"skip":true},{"start":{"line":111,"column":20},"end":{"line":111,"column":58},"skip":true},{"start":{"line":112,"column":20},"end":{"line":112,"column":68},"skip":true}]},"15":{"line":129,"type":"if","locations":[{"start":{"line":129,"column":16},"end":{"line":129,"column":16},"skip":true},{"start":{"line":129,"column":16},"end":{"line":129,"column":16},"skip":true}]},"16":{"line":134,"type":"cond-expr","locations":[{"start":{"line":135,"column":26},"end":{"line":135,"column":29},"skip":true},{"start":{"line":136,"column":26},"end":{"line":136,"column":54},"skip":true}]},"17":{"line":164,"type":"binary-expr","locations":[{"start":{"line":164,"column":27},"end":{"line":164,"column":43},"skip":true},{"start":{"line":164,"column":47},"end":{"line":164,"column":49},"skip":true}]},"18":{"line":258,"type":"if","locations":[{"start":{"line":258,"column":8},"end":{"line":258,"column":8},"skip":true},{"start":{"line":258,"column":8},"end":{"line":258,"column":8},"skip":true}]},"19":{"line":275,"type":"switch","locations":[{"start":{"line":276,"column":20},"end":{"line":277,"column":64},"skip":true},{"start":{"line":278,"column":20},"end":{"line":279,"column":40},"skip":true},{"start":{"line":280,"column":20},"end":{"line":281,"column":40},"skip":true},{"start":{"line":282,"column":20},"end":{"line":283,"column":39},"skip":true}]},"20":{"line":288,"type":"if","locations":[{"start":{"line":288,"column":8},"end":{"line":288,"column":8},"skip":true},{"start":{"line":288,"column":8},"end":{"line":288,"column":8},"skip":true}]},"21":{"line":288,"type":"binary-expr","locations":[{"start":{"line":288,"column":12},"end":{"line":288,"column":40},"skip":true},{"start":{"line":288,"column":44},"end":{"line":288,"column":67},"skip":true}]},"22":{"line":292,"type":"binary-expr","locations":[{"start":{"line":292,"column":12},"end":{"line":292,"column":50},"skip":true},{"start":{"line":293,"column":12},"end":{"line":293,"column":53},"skip":true}]},"23":{"line":297,"type":"binary-expr","locations":[{"start":{"line":297,"column":12},"end":{"line":297,"column":63},"skip":true},{"start":{"line":298,"column":12},"end":{"line":301,"column":36},"skip":true}]},"24":{"line":303,"type":"binary-expr","locations":[{"start":{"line":303,"column":43},"end":{"line":303,"column":75},"skip":true},{"start":{"line":303,"column":79},"end":{"line":303,"column":81},"skip":true}]},"25":{"line":306,"type":"if","locations":[{"start":{"line":306,"column":8},"end":{"line":306,"column":8},"skip":true},{"start":{"line":306,"column":8},"end":{"line":306,"column":8},"skip":true}]},"26":{"line":310,"type":"if","locations":[{"start":{"line":310,"column":8},"end":{"line":310,"column":8},"skip":true},{"start":{"line":310,"column":8},"end":{"line":310,"column":8},"skip":true}]},"27":{"line":313,"type":"binary-expr","locations":[{"start":{"line":313,"column":27},"end":{"line":313,"column":43},"skip":true},{"start":{"line":313,"column":47},"end":{"line":313,"column":53},"skip":true}]},"28":{"line":317,"type":"if","locations":[{"start":{"line":317,"column":12},"end":{"line":317,"column":12},"skip":true},{"start":{"line":317,"column":12},"end":{"line":317,"column":12},"skip":true}]}},"code":["/*","example.js","","quickstart example","","instruction","    1. save this script as example.js","    2. run the shell command:","        $ npm install npmtest-proxy && PORT=8081 node example.js","    3. play with the browser-demo on http://127.0.0.1:8081","*/","","","","/* istanbul instrument in package npmtest_proxy */","/*jslint","    bitwise: true,","    browser: true,","    maxerr: 8,","    maxlen: 96,","    node: true,","    nomen: true,","    regexp: true,","    stupid: true","*/","(function () {","    'use strict';","    var local;","","","","    // run shared js-env code - pre-init","    (function () {","        // init local","        local = {};","        // init modeJs","        local.modeJs = (function () {","            try {","                return typeof navigator.userAgent === 'string' &&","                    typeof document.querySelector('body') === 'object' &&","                    typeof XMLHttpRequest.prototype.open === 'function' &&","                    'browser';","            } catch (errorCaughtBrowser) {","                return module.exports &&","                    typeof process.versions.node === 'string' &&","                    typeof require('http').createServer === 'function' &&","                    'node';","            }","        }());","        // init global","        local.global = local.modeJs === 'browser'","            ? window","            : global;","        // init utility2_rollup","        local = local.global.utility2_rollup || (local.modeJs === 'browser'","            ? local.global.utility2_npmtest_proxy","            : global.utility2_moduleExports);","        // export local","        local.global.local = local;","    }());","    switch (local.modeJs) {","","","","    // post-init","    // run browser js-env code - post-init","    /* istanbul ignore next */","    case 'browser':","        local.testRunBrowser = function (event) {","            if (!event || (event &&","                    event.currentTarget &&","                    event.currentTarget.className &&","                    event.currentTarget.className.includes &&","                    event.currentTarget.className.includes('onreset'))) {","                // reset output","                Array.from(","                    document.querySelectorAll('body > .resettable')","                ).forEach(function (element) {","                    switch (element.tagName) {","                    case 'INPUT':","                    case 'TEXTAREA':","                        element.value = '';","                        break;","                    default:","                        element.textContent = '';","                    }","                });","            }","            switch (event && event.currentTarget && event.currentTarget.id) {","            case 'testRunButton1':","                // show tests","                if (document.querySelector('#testReportDiv1').style.display === 'none') {","                    document.querySelector('#testReportDiv1').style.display = 'block';","                    document.querySelector('#testRunButton1').textContent =","                        'hide internal test';","                    local.modeTest = true;","                    local.testRunDefault(local);","                // hide tests","                } else {","                    document.querySelector('#testReportDiv1').style.display = 'none';","                    document.querySelector('#testRunButton1').textContent = 'run internal test';","                }","                break;","            // custom-case","            default:","                break;","            }","            if (document.querySelector('#inputTextareaEval1') && (!event || (event &&","                    event.currentTarget &&","                    event.currentTarget.className &&","                    event.currentTarget.className.includes &&","                    event.currentTarget.className.includes('oneval')))) {","                // try to eval input-code","                try {","                    /*jslint evil: true*/","                    eval(document.querySelector('#inputTextareaEval1').value);","                } catch (errorCaught) {","                    console.error(errorCaught);","                }","            }","        };","        // log stderr and stdout to #outputTextareaStdout1","        ['error', 'log'].forEach(function (key) {","            console[key + '_original'] = console[key];","            console[key] = function () {","                var element;","                console[key + '_original'].apply(console, arguments);","                element = document.querySelector('#outputTextareaStdout1');","                if (!element) {","                    return;","                }","                // append text to #outputTextareaStdout1","                element.value += Array.from(arguments).map(function (arg) {","                    return typeof arg === 'string'","                        ? arg","                        : JSON.stringify(arg, null, 4);","                }).join(' ') + '\\n';","                // scroll textarea to bottom","                element.scrollTop = element.scrollHeight;","            };","        });","        // init event-handling","        ['change', 'click', 'keyup'].forEach(function (event) {","            Array.from(document.querySelectorAll('.on' + event)).forEach(function (element) {","                element.addEventListener(event, local.testRunBrowser);","            });","        });","        // run tests","        local.testRunBrowser();","        break;","","","","    // run node js-env code - post-init","    /* istanbul ignore next */","    case 'node':","        // export local","        module.exports = local;","        // require modules","        local.fs = require('fs');","        local.http = require('http');","        local.url = require('url');","        // init assets","        local.assetsDict = local.assetsDict || {};","        /* jslint-ignore-begin */","        local.assetsDict['/assets.index.template.html'] = '\\","<!doctype html>\\n\\","<html lang=\"en\">\\n\\","<head>\\n\\","<meta charset=\"UTF-8\">\\n\\","<meta name=\"viewport\" content=\"width=device-width, initial-scale=1\">\\n\\","<title>{{env.npm_package_name}} (v{{env.npm_package_version}})</title>\\n\\","<style>\\n\\","/*csslint\\n\\","    box-sizing: false,\\n\\","    universal-selector: false\\n\\","*/\\n\\","* {\\n\\","    box-sizing: border-box;\\n\\","}\\n\\","body {\\n\\","    background: #dde;\\n\\","    font-family: Arial, Helvetica, sans-serif;\\n\\","    margin: 2rem;\\n\\","}\\n\\","body > * {\\n\\","    margin-bottom: 1rem;\\n\\","}\\n\\",".utility2FooterDiv {\\n\\","    margin-top: 20px;\\n\\","    text-align: center;\\n\\","}\\n\\","</style>\\n\\","<style>\\n\\","/*csslint\\n\\","*/\\n\\","textarea {\\n\\","    font-family: monospace;\\n\\","    height: 10rem;\\n\\","    width: 100%;\\n\\","}\\n\\","textarea[readonly] {\\n\\","    background: #ddd;\\n\\","}\\n\\","</style>\\n\\","</head>\\n\\","<body>\\n\\","<!-- utility2-comment\\n\\","<div id=\"ajaxProgressDiv1\" style=\"background: #d00; height: 2px; left: 0; margin: 0; padding: 0; position: fixed; top: 0; transition: background 0.5s, width 1.5s; width: 25%;\"></div>\\n\\","utility2-comment -->\\n\\","<h1>\\n\\","<!-- utility2-comment\\n\\","    <a\\n\\","        {{#if env.npm_package_homepage}}\\n\\","        href=\"{{env.npm_package_homepage}}\"\\n\\","        {{/if env.npm_package_homepage}}\\n\\","        target=\"_blank\"\\n\\","    >\\n\\","utility2-comment -->\\n\\","        {{env.npm_package_name}} (v{{env.npm_package_version}})\\n\\","<!-- utility2-comment\\n\\","    </a>\\n\\","utility2-comment -->\\n\\","</h1>\\n\\","<h3>{{env.npm_package_description}}</h3>\\n\\","<!-- utility2-comment\\n\\","<h4><a download href=\"assets.app.js\">download standalone app</a></h4>\\n\\","<button class=\"onclick onreset\" id=\"testRunButton1\">run internal test</button><br>\\n\\","<div id=\"testReportDiv1\" style=\"display: none;\"></div>\\n\\","utility2-comment -->\\n\\","\\n\\","\\n\\","\\n\\","<label>stderr and stdout</label>\\n\\","<textarea class=\"resettable\" id=\"outputTextareaStdout1\" readonly></textarea>\\n\\","<!-- utility2-comment\\n\\","{{#if isRollup}}\\n\\","<script src=\"assets.app.js\"></script>\\n\\","{{#unless isRollup}}\\n\\","utility2-comment -->\\n\\","<script src=\"assets.utility2.rollup.js\"></script>\\n\\","<script src=\"jsonp.utility2._stateInit?callback=window.utility2._stateInit\"></script>\\n\\","<script src=\"assets.npmtest_proxy.rollup.js\"></script>\\n\\","<script src=\"assets.example.js\"></script>\\n\\","<script src=\"assets.test.js\"></script>\\n\\","<!-- utility2-comment\\n\\","{{/if isRollup}}\\n\\","utility2-comment -->\\n\\","<div class=\"utility2FooterDiv\">\\n\\","    [ this app was created with\\n\\","    <a href=\"https://github.com/kaizhu256/node-utility2\" target=\"_blank\">utility2</a>\\n\\","    ]\\n\\","</div>\\n\\","</body>\\n\\","</html>\\n\\","';","        /* jslint-ignore-end */","        if (local.templateRender) {","            local.assetsDict['/'] = local.templateRender(","                local.assetsDict['/assets.index.template.html'],","                {","                    env: local.objectSetDefault(local.env, {","                        npm_package_description: 'the greatest app in the world!',","                        npm_package_name: 'my-app',","                        npm_package_nameAlias: 'my_app',","                        npm_package_version: '0.0.1'","                    })","                }","            );","        } else {","            local.assetsDict['/'] = local.assetsDict['/assets.index.template.html']","                .replace((/\\{\\{env\\.(\\w+?)\\}\\}/g), function (match0, match1) {","                    // jslint-hack","                    String(match0);","                    switch (match1) {","                    case 'npm_package_description':","                        return 'the greatest app in the world!';","                    case 'npm_package_name':","                        return 'my-app';","                    case 'npm_package_nameAlias':","                        return 'my_app';","                    case 'npm_package_version':","                        return '0.0.1';","                    }","                });","        }","        // run the cli","        if (local.global.utility2_rollup || module !== require.main) {","            break;","        }","        local.assetsDict['/assets.example.js'] =","            local.assetsDict['/assets.example.js'] ||","            local.fs.readFileSync(__filename, 'utf8');","        // bug-workaround - long $npm_package_buildCustomOrg","        /* jslint-ignore-begin */","        local.assetsDict['/assets.npmtest_proxy.rollup.js'] =","            local.assetsDict['/assets.npmtest_proxy.rollup.js'] ||","            local.fs.readFileSync(","                local.npmtest_proxy.__dirname + '/lib.npmtest_proxy.js',","                'utf8'","            ).replace((/^#!/), '//');","        /* jslint-ignore-end */","        local.assetsDict['/favicon.ico'] = local.assetsDict['/favicon.ico'] || '';","        // if $npm_config_timeout_exit exists,","        // then exit this process after $npm_config_timeout_exit ms","        if (Number(process.env.npm_config_timeout_exit)) {","            setTimeout(process.exit, Number(process.env.npm_config_timeout_exit));","        }","        // start server","        if (local.global.utility2_serverHttp1) {","            break;","        }","        process.env.PORT = process.env.PORT || '8081';","        console.error('server starting on port ' + process.env.PORT);","        local.http.createServer(function (request, response) {","            request.urlParsed = local.url.parse(request.url);","            if (local.assetsDict[request.urlParsed.pathname] !== undefined) {","                response.end(local.assetsDict[request.urlParsed.pathname]);","                return;","            }","            response.statusCode = 404;","            response.end();","        }).listen(process.env.PORT);","        break;","    }","}());",""],"l":{"26":2,"28":2,"33":2,"35":2,"37":2,"38":2,"39":2,"44":1,"51":2,"55":2,"59":2,"61":2,"69":1,"70":2,"76":2,"79":2,"82":2,"83":2,"85":1,"89":2,"92":1,"93":1,"94":1,"96":1,"97":1,"100":1,"101":1,"103":1,"106":1,"108":2,"114":1,"116":1,"118":1,"123":1,"124":2,"125":2,"126":3,"127":3,"128":3,"129":3,"130":1,"133":3,"134":3,"139":3,"143":1,"144":3,"145":1,"149":1,"150":1,"158":1,"160":1,"161":1,"162":1,"164":1,"166":1,"258":1,"259":1,"271":1,"274":6,"275":6,"277":1,"279":2,"281":1,"283":2,"288":1,"289":1,"291":1,"296":1,"303":1,"306":1,"307":1,"310":1,"311":1,"313":1,"314":1,"315":1,"316":1,"317":1,"318":1,"319":1,"321":1,"322":1,"324":1}},"/home/travis/build/npmtest/node-npmtest-proxy/node_modules/proxy/proxy.js":{"path":"/home/travis/build/npmtest/node-npmtest-proxy/node_modules/proxy/proxy.js","s":{"1":1,"2":1,"3":1,"4":1,"5":1,"6":1,"7":1,"8":1,"9":1,"10":1,"11":1,"12":1,"13":1,"14":0,"15":0,"16":0,"17":0,"18":0,"19":1,"20":1,"21":1,"22":0,"23":0,"24":0,"25":0,"26":0,"27":0,"28":0,"29":0,"30":0,"31":0,"32":0,"33":0,"34":0,"35":0,"36":0,"37":0,"38":1,"39":0,"40":0,"41":0,"42":0,"43":0,"44":0,"45":0,"46":0,"47":0,"48":0,"49":0,"50":0,"51":0,"52":0,"53":0,"54":0,"55":0,"56":0,"57":0,"58":0,"59":0,"60":0,"61":0,"62":0,"63":0,"64":0,"65":0,"66":0,"67":0,"68":0,"69":0,"70":0,"71":0,"72":0,"73":0,"74":0,"75":0,"76":0,"77":0,"78":0,"79":0,"80":0,"81":0,"82":0,"83":0,"84":0,"85":0,"86":0,"87":0,"88":0,"89":0,"90":0,"91":0,"92":0,"93":0,"94":0,"95":0,"96":0,"97":0,"98":0,"99":0,"100":0,"101":0,"102":0,"103":0,"104":0,"105":0,"106":0,"107":0,"108":0,"109":0,"110":0,"111":0,"112":0,"113":0,"114":0,"115":0,"116":0,"117":0,"118":0,"119":0,"120":0,"121":0,"122":0,"123":0,"124":0,"125":0,"126":0,"127":0,"128":1,"129":0,"130":0,"131":0,"132":0,"133":1,"134":0,"135":0,"136":1,"137":0,"138":0,"139":0,"140":0,"141":1,"142":0,"143":0,"144":0,"145":0,"146":0,"147":1,"148":0,"149":0,"150":1,"151":0,"152":0,"153":1,"154":0,"155":0,"156":1,"157":0,"158":0,"159":0,"160":1,"161":0,"162":0,"163":1,"164":0,"165":0,"166":0,"167":0,"168":0,"169":0,"170":0,"171":0,"172":0,"173":0,"174":0,"175":0,"176":1,"177":0,"178":0,"179":0,"180":0,"181":0,"182":0,"183":0,"184":0,"185":0,"186":0,"187":1,"188":0,"189":0,"190":0,"191":0,"192":0,"193":0,"194":0,"195":0,"196":0,"197":0,"198":0,"199":0,"200":0,"201":0,"202":1,"203":0,"204":0,"205":0,"206":0,"207":0,"208":0,"209":0,"210":0,"211":0,"212":0,"213":0,"214":0,"215":0,"216":0,"217":0,"218":0,"219":0,"220":0,"221":0,"222":0,"223":0,"224":0,"225":0,"226":1,"227":0,"228":0,"229":0,"230":0,"231":0,"232":1,"233":0,"234":0,"235":0,"236":0,"237":0},"b":{"1":[0,0],"2":[0,0],"3":[0,0],"4":[0,0],"5":[0,0],"6":[0,0],"7":[0,0,0],"8":[0,0],"9":[0,0],"10":[0,0],"11":[0,0],"12":[0,0],"13":[0,0],"14":[0,0],"15":[0,0],"16":[0,0],"17":[0,0],"18":[0,0],"19":[0,0],"20":[0,0],"21":[0,0],"22":[0,0],"23":[0,0],"24":[0,0],"25":[0,0],"26":[0,0],"27":[0,0],"28":[0,0],"29":[0,0],"30":[0,0],"31":[0,0],"32":[0,0],"33":[0,0],"34":[0,0,0],"35":[0,0],"36":[0,0]},"f":{"1":0,"2":0,"3":0,"4":0,"5":0,"6":0,"7":0,"8":0,"9":0,"10":0,"11":0,"12":0,"13":0,"14":0,"15":0,"16":0,"17":0,"18":0,"19":0,"20":0,"21":0,"22":0,"23":0,"24":0,"25":0,"26":0,"27":0},"fnMap":{"1":{"name":"setup","line":40,"loc":{"start":{"line":40,"column":0},"end":{"line":40,"column":33}}},"2":{"name":"eachHeader","line":76,"loc":{"start":{"line":76,"column":0},"end":{"line":76,"column":30}}},"3":{"name":"(anonymous_3)","line":81,"loc":{"start":{"line":81,"column":27},"end":{"line":81,"column":40}}},"4":{"name":"(anonymous_4)","line":93,"loc":{"start":{"line":93,"column":33},"end":{"line":93,"column":48}}},"5":{"name":"(anonymous_5)","line":97,"loc":{"start":{"line":97,"column":22},"end":{"line":97,"column":37}}},"6":{"name":"onrequest","line":111,"loc":{"start":{"line":111,"column":0},"end":{"line":111,"column":30}}},"7":{"name":"(anonymous_7)","line":119,"loc":{"start":{"line":119,"column":28},"end":{"line":119,"column":49}}},"8":{"name":"(anonymous_8)","line":140,"loc":{"start":{"line":140,"column":20},"end":{"line":140,"column":42}}},"9":{"name":"(anonymous_9)","line":211,"loc":{"start":{"line":211,"column":28},"end":{"line":211,"column":48}}},"10":{"name":"(anonymous_10)","line":216,"loc":{"start":{"line":216,"column":27},"end":{"line":216,"column":49}}},"11":{"name":"(anonymous_11)","line":237,"loc":{"start":{"line":237,"column":25},"end":{"line":237,"column":40}}},"12":{"name":"onclose","line":256,"loc":{"start":{"line":256,"column":4},"end":{"line":256,"column":24}}},"13":{"name":"onfinish","line":263,"loc":{"start":{"line":263,"column":4},"end":{"line":263,"column":25}}},"14":{"name":"cleanup","line":268,"loc":{"start":{"line":268,"column":4},"end":{"line":268,"column":24}}},"15":{"name":"onconnect","line":282,"loc":{"start":{"line":282,"column":0},"end":{"line":282,"column":39}}},"16":{"name":"onclientclose","line":291,"loc":{"start":{"line":291,"column":2},"end":{"line":291,"column":31}}},"17":{"name":"onclientend","line":296,"loc":{"start":{"line":296,"column":2},"end":{"line":296,"column":26}}},"18":{"name":"onclienterror","line":301,"loc":{"start":{"line":301,"column":2},"end":{"line":301,"column":31}}},"19":{"name":"ontargetclose","line":307,"loc":{"start":{"line":307,"column":2},"end":{"line":307,"column":28}}},"20":{"name":"ontargetend","line":313,"loc":{"start":{"line":313,"column":2},"end":{"line":313,"column":26}}},"21":{"name":"ontargeterror","line":318,"loc":{"start":{"line":318,"column":2},"end":{"line":318,"column":31}}},"22":{"name":"ontargetconnect","line":335,"loc":{"start":{"line":335,"column":2},"end":{"line":335,"column":30}}},"23":{"name":"cleanup","line":358,"loc":{"start":{"line":358,"column":2},"end":{"line":358,"column":22}}},"24":{"name":"onfinish","line":385,"loc":{"start":{"line":385,"column":2},"end":{"line":385,"column":23}}},"25":{"name":"(anonymous_25)","line":395,"loc":{"start":{"line":395,"column":26},"end":{"line":395,"column":47}}},"26":{"name":"authenticate","line":429,"loc":{"start":{"line":429,"column":0},"end":{"line":429,"column":40}}},"27":{"name":"requestAuthorization","line":446,"loc":{"start":{"line":446,"column":0},"end":{"line":446,"column":41}}}},"statementMap":{"1":{"start":{"line":6,"column":0},"end":{"line":6,"column":25}},"2":{"start":{"line":7,"column":0},"end":{"line":7,"column":25}},"3":{"start":{"line":8,"column":0},"end":{"line":8,"column":27}},"4":{"start":{"line":9,"column":0},"end":{"line":9,"column":31}},"5":{"start":{"line":10,"column":0},"end":{"line":10,"column":38}},"6":{"start":{"line":13,"column":0},"end":{"line":13,"column":48}},"7":{"start":{"line":14,"column":0},"end":{"line":14,"column":49}},"8":{"start":{"line":15,"column":0},"end":{"line":15,"column":53}},"9":{"start":{"line":16,"column":0},"end":{"line":16,"column":54}},"10":{"start":{"line":19,"column":0},"end":{"line":19,"column":40}},"11":{"start":{"line":22,"column":0},"end":{"line":22,"column":49}},"12":{"start":{"line":28,"column":0},"end":{"line":28,"column":23}},"13":{"start":{"line":40,"column":0},"end":{"line":45,"column":1}},"14":{"start":{"line":41,"column":2},"end":{"line":41,"column":44}},"15":{"start":{"line":41,"column":15},"end":{"line":41,"column":44}},"16":{"start":{"line":42,"column":2},"end":{"line":42,"column":34}},"17":{"start":{"line":43,"column":2},"end":{"line":43,"column":34}},"18":{"start":{"line":44,"column":2},"end":{"line":44,"column":16}},"19":{"start":{"line":55,"column":0},"end":{"line":64,"column":2}},"20":{"start":{"line":67,"column":0},"end":{"line":67,"column":74}},"21":{"start":{"line":76,"column":0},"end":{"line":105,"column":1}},"22":{"start":{"line":77,"column":2},"end":{"line":104,"column":3}},"23":{"start":{"line":80,"column":4},"end":{"line":80,"column":19}},"24":{"start":{"line":81,"column":4},"end":{"line":88,"column":7}},"25":{"start":{"line":82,"column":6},"end":{"line":87,"column":7}},"26":{"start":{"line":83,"column":8},"end":{"line":83,"column":16}},"27":{"start":{"line":85,"column":8},"end":{"line":85,"column":19}},"28":{"start":{"line":86,"column":8},"end":{"line":86,"column":19}},"29":{"start":{"line":91,"column":4},"end":{"line":91,"column":30}},"30":{"start":{"line":92,"column":4},"end":{"line":92,"column":25}},"31":{"start":{"line":92,"column":18},"end":{"line":92,"column":25}},"32":{"start":{"line":93,"column":4},"end":{"line":103,"column":7}},"33":{"start":{"line":94,"column":6},"end":{"line":94,"column":31}},"34":{"start":{"line":95,"column":6},"end":{"line":102,"column":7}},"35":{"start":{"line":97,"column":8},"end":{"line":99,"column":11}},"36":{"start":{"line":98,"column":10},"end":{"line":98,"column":23}},"37":{"start":{"line":101,"column":8},"end":{"line":101,"column":23}},"38":{"start":{"line":111,"column":0},"end":{"line":276,"column":1}},"39":{"start":{"line":112,"column":2},"end":{"line":112,"column":72}},"40":{"start":{"line":113,"column":2},"end":{"line":113,"column":20}},"41":{"start":{"line":114,"column":2},"end":{"line":114,"column":26}},"42":{"start":{"line":117,"column":2},"end":{"line":117,"column":17}},"43":{"start":{"line":119,"column":2},"end":{"line":275,"column":5}},"44":{"start":{"line":120,"column":4},"end":{"line":120,"column":20}},"45":{"start":{"line":121,"column":4},"end":{"line":126,"column":5}},"46":{"start":{"line":123,"column":6},"end":{"line":123,"column":25}},"47":{"start":{"line":124,"column":6},"end":{"line":124,"column":56}},"48":{"start":{"line":125,"column":6},"end":{"line":125,"column":13}},"49":{"start":{"line":127,"column":4},"end":{"line":127,"column":53}},"50":{"start":{"line":127,"column":15},"end":{"line":127,"column":53}},"51":{"start":{"line":128,"column":4},"end":{"line":128,"column":36}},"52":{"start":{"line":131,"column":4},"end":{"line":131,"column":31}},"53":{"start":{"line":134,"column":4},"end":{"line":134,"column":21}},"54":{"start":{"line":135,"column":4},"end":{"line":135,"column":33}},"55":{"start":{"line":136,"column":4},"end":{"line":136,"column":23}},"56":{"start":{"line":137,"column":4},"end":{"line":137,"column":61}},"57":{"start":{"line":139,"column":4},"end":{"line":139,"column":29}},"58":{"start":{"line":140,"column":4},"end":{"line":171,"column":7}},"59":{"start":{"line":141,"column":6},"end":{"line":141,"column":60}},"60":{"start":{"line":142,"column":6},"end":{"line":142,"column":39}},"61":{"start":{"line":144,"column":6},"end":{"line":150,"column":7}},"62":{"start":{"line":147,"column":8},"end":{"line":147,"column":32}},"63":{"start":{"line":148,"column":8},"end":{"line":148,"column":45}},"64":{"start":{"line":149,"column":8},"end":{"line":149,"column":82}},"65":{"start":{"line":152,"column":6},"end":{"line":157,"column":7}},"66":{"start":{"line":154,"column":8},"end":{"line":154,"column":22}},"67":{"start":{"line":155,"column":8},"end":{"line":155,"column":28}},"68":{"start":{"line":156,"column":8},"end":{"line":156,"column":82}},"69":{"start":{"line":159,"column":6},"end":{"line":170,"column":7}},"70":{"start":{"line":160,"column":8},"end":{"line":160,"column":67}},"71":{"start":{"line":162,"column":8},"end":{"line":162,"column":29}},"72":{"start":{"line":163,"column":8},"end":{"line":169,"column":9}},"73":{"start":{"line":164,"column":10},"end":{"line":164,"column":24}},"74":{"start":{"line":165,"column":15},"end":{"line":169,"column":9}},"75":{"start":{"line":166,"column":10},"end":{"line":166,"column":38}},"76":{"start":{"line":168,"column":10},"end":{"line":168,"column":31}},"77":{"start":{"line":175,"column":4},"end":{"line":178,"column":5}},"78":{"start":{"line":176,"column":6},"end":{"line":176,"column":56}},"79":{"start":{"line":177,"column":6},"end":{"line":177,"column":98}},"80":{"start":{"line":181,"column":4},"end":{"line":184,"column":5}},"81":{"start":{"line":182,"column":6},"end":{"line":182,"column":24}},"82":{"start":{"line":183,"column":6},"end":{"line":183,"column":71}},"83":{"start":{"line":187,"column":4},"end":{"line":187,"column":29}},"84":{"start":{"line":188,"column":4},"end":{"line":192,"column":5}},"85":{"start":{"line":189,"column":6},"end":{"line":189,"column":92}},"86":{"start":{"line":190,"column":6},"end":{"line":190,"column":27}},"87":{"start":{"line":191,"column":6},"end":{"line":191,"column":19}},"88":{"start":{"line":194,"column":4},"end":{"line":198,"column":5}},"89":{"start":{"line":197,"column":6},"end":{"line":197,"column":23}},"90":{"start":{"line":200,"column":4},"end":{"line":205,"column":5}},"91":{"start":{"line":202,"column":6},"end":{"line":202,"column":25}},"92":{"start":{"line":203,"column":6},"end":{"line":203,"column":61}},"93":{"start":{"line":204,"column":6},"end":{"line":204,"column":13}},"94":{"start":{"line":207,"column":4},"end":{"line":207,"column":28}},"95":{"start":{"line":208,"column":4},"end":{"line":208,"column":40}},"96":{"start":{"line":209,"column":4},"end":{"line":209,"column":74}},"97":{"start":{"line":211,"column":4},"end":{"line":236,"column":7}},"98":{"start":{"line":212,"column":6},"end":{"line":212,"column":62}},"99":{"start":{"line":213,"column":6},"end":{"line":213,"column":25}},"100":{"start":{"line":215,"column":6},"end":{"line":215,"column":23}},"101":{"start":{"line":216,"column":6},"end":{"line":230,"column":9}},"102":{"start":{"line":217,"column":8},"end":{"line":217,"column":75}},"103":{"start":{"line":218,"column":8},"end":{"line":229,"column":9}},"104":{"start":{"line":219,"column":10},"end":{"line":219,"column":65}},"105":{"start":{"line":221,"column":10},"end":{"line":221,"column":31}},"106":{"start":{"line":222,"column":10},"end":{"line":228,"column":11}},"107":{"start":{"line":223,"column":12},"end":{"line":223,"column":26}},"108":{"start":{"line":224,"column":17},"end":{"line":228,"column":11}},"109":{"start":{"line":225,"column":12},"end":{"line":225,"column":40}},"110":{"start":{"line":227,"column":12},"end":{"line":227,"column":33}},"111":{"start":{"line":232,"column":6},"end":{"line":232,"column":57}},"112":{"start":{"line":233,"column":6},"end":{"line":233,"column":50}},"113":{"start":{"line":234,"column":6},"end":{"line":234,"column":25}},"114":{"start":{"line":235,"column":6},"end":{"line":235,"column":33}},"115":{"start":{"line":237,"column":4},"end":{"line":252,"column":7}},"116":{"start":{"line":238,"column":6},"end":{"line":238,"column":84}},"117":{"start":{"line":239,"column":6},"end":{"line":239,"column":16}},"118":{"start":{"line":240,"column":6},"end":{"line":251,"column":7}},"119":{"start":{"line":241,"column":8},"end":{"line":241,"column":81}},"120":{"start":{"line":242,"column":8},"end":{"line":242,"column":25}},"121":{"start":{"line":243,"column":13},"end":{"line":251,"column":7}},"122":{"start":{"line":244,"column":8},"end":{"line":244,"column":49}},"123":{"start":{"line":245,"column":8},"end":{"line":245,"column":27}},"124":{"start":{"line":246,"column":8},"end":{"line":246,"column":18}},"125":{"start":{"line":248,"column":8},"end":{"line":248,"column":61}},"126":{"start":{"line":249,"column":8},"end":{"line":249,"column":27}},"127":{"start":{"line":250,"column":8},"end":{"line":250,"column":18}},"128":{"start":{"line":256,"column":4},"end":{"line":260,"column":5}},"129":{"start":{"line":257,"column":6},"end":{"line":257,"column":91}},"130":{"start":{"line":258,"column":6},"end":{"line":258,"column":23}},"131":{"start":{"line":259,"column":6},"end":{"line":259,"column":16}},"132":{"start":{"line":261,"column":4},"end":{"line":261,"column":32}},"133":{"start":{"line":263,"column":4},"end":{"line":266,"column":5}},"134":{"start":{"line":264,"column":6},"end":{"line":264,"column":39}},"135":{"start":{"line":265,"column":6},"end":{"line":265,"column":16}},"136":{"start":{"line":268,"column":4},"end":{"line":272,"column":5}},"137":{"start":{"line":269,"column":6},"end":{"line":269,"column":32}},"138":{"start":{"line":270,"column":6},"end":{"line":270,"column":46}},"139":{"start":{"line":271,"column":6},"end":{"line":271,"column":45}},"140":{"start":{"line":274,"column":4},"end":{"line":274,"column":23}},"141":{"start":{"line":282,"column":0},"end":{"line":417,"column":1}},"142":{"start":{"line":283,"column":2},"end":{"line":283,"column":72}},"143":{"start":{"line":284,"column":2},"end":{"line":284,"column":81}},"144":{"start":{"line":286,"column":2},"end":{"line":286,"column":10}},"145":{"start":{"line":287,"column":2},"end":{"line":287,"column":13}},"146":{"start":{"line":288,"column":2},"end":{"line":288,"column":26}},"147":{"start":{"line":291,"column":2},"end":{"line":293,"column":3}},"148":{"start":{"line":292,"column":4},"end":{"line":292,"column":67}},"149":{"start":{"line":294,"column":2},"end":{"line":294,"column":36}},"150":{"start":{"line":296,"column":2},"end":{"line":299,"column":3}},"151":{"start":{"line":297,"column":4},"end":{"line":297,"column":65}},"152":{"start":{"line":298,"column":4},"end":{"line":298,"column":14}},"153":{"start":{"line":301,"column":2},"end":{"line":303,"column":3}},"154":{"start":{"line":302,"column":4},"end":{"line":302,"column":90}},"155":{"start":{"line":304,"column":2},"end":{"line":304,"column":36}},"156":{"start":{"line":307,"column":2},"end":{"line":311,"column":3}},"157":{"start":{"line":308,"column":4},"end":{"line":308,"column":66}},"158":{"start":{"line":309,"column":4},"end":{"line":309,"column":14}},"159":{"start":{"line":310,"column":4},"end":{"line":310,"column":21}},"160":{"start":{"line":313,"column":2},"end":{"line":316,"column":3}},"161":{"start":{"line":314,"column":4},"end":{"line":314,"column":64}},"162":{"start":{"line":315,"column":4},"end":{"line":315,"column":14}},"163":{"start":{"line":318,"column":2},"end":{"line":333,"column":3}},"164":{"start":{"line":319,"column":4},"end":{"line":319,"column":89}},"165":{"start":{"line":320,"column":4},"end":{"line":320,"column":14}},"166":{"start":{"line":321,"column":4},"end":{"line":332,"column":5}},"167":{"start":{"line":322,"column":6},"end":{"line":322,"column":79}},"168":{"start":{"line":323,"column":6},"end":{"line":323,"column":23}},"169":{"start":{"line":324,"column":11},"end":{"line":332,"column":5}},"170":{"start":{"line":325,"column":6},"end":{"line":325,"column":47}},"171":{"start":{"line":326,"column":6},"end":{"line":326,"column":25}},"172":{"start":{"line":327,"column":6},"end":{"line":327,"column":16}},"173":{"start":{"line":329,"column":6},"end":{"line":329,"column":59}},"174":{"start":{"line":330,"column":6},"end":{"line":330,"column":25}},"175":{"start":{"line":331,"column":6},"end":{"line":331,"column":16}},"176":{"start":{"line":335,"column":2},"end":{"line":355,"column":3}},"177":{"start":{"line":336,"column":4},"end":{"line":336,"column":68}},"178":{"start":{"line":337,"column":4},"end":{"line":337,"column":58}},"179":{"start":{"line":338,"column":4},"end":{"line":338,"column":23}},"180":{"start":{"line":339,"column":4},"end":{"line":339,"column":43}},"181":{"start":{"line":341,"column":4},"end":{"line":341,"column":49}},"182":{"start":{"line":344,"column":4},"end":{"line":344,"column":18}},"183":{"start":{"line":347,"column":4},"end":{"line":347,"column":29}},"184":{"start":{"line":351,"column":4},"end":{"line":351,"column":15}},"185":{"start":{"line":353,"column":4},"end":{"line":353,"column":24}},"186":{"start":{"line":354,"column":4},"end":{"line":354,"column":24}},"187":{"start":{"line":358,"column":2},"end":{"line":369,"column":3}},"188":{"start":{"line":359,"column":4},"end":{"line":359,"column":30}},"189":{"start":{"line":360,"column":4},"end":{"line":360,"column":50}},"190":{"start":{"line":361,"column":4},"end":{"line":361,"column":50}},"191":{"start":{"line":362,"column":4},"end":{"line":362,"column":46}},"192":{"start":{"line":363,"column":4},"end":{"line":368,"column":5}},"193":{"start":{"line":364,"column":6},"end":{"line":364,"column":56}},"194":{"start":{"line":365,"column":6},"end":{"line":365,"column":52}},"195":{"start":{"line":366,"column":6},"end":{"line":366,"column":52}},"196":{"start":{"line":367,"column":6},"end":{"line":367,"column":48}},"197":{"start":{"line":374,"column":2},"end":{"line":374,"column":37}},"198":{"start":{"line":375,"column":2},"end":{"line":375,"column":30}},"199":{"start":{"line":376,"column":2},"end":{"line":376,"column":30}},"200":{"start":{"line":377,"column":2},"end":{"line":377,"column":42}},"201":{"start":{"line":378,"column":2},"end":{"line":378,"column":27}},"202":{"start":{"line":385,"column":2},"end":{"line":389,"column":3}},"203":{"start":{"line":386,"column":4},"end":{"line":386,"column":46}},"204":{"start":{"line":387,"column":4},"end":{"line":387,"column":29}},"205":{"start":{"line":388,"column":4},"end":{"line":388,"column":17}},"206":{"start":{"line":390,"column":2},"end":{"line":390,"column":31}},"207":{"start":{"line":393,"column":2},"end":{"line":393,"column":17}},"208":{"start":{"line":395,"column":2},"end":{"line":416,"column":5}},"209":{"start":{"line":396,"column":4},"end":{"line":396,"column":20}},"210":{"start":{"line":397,"column":4},"end":{"line":402,"column":5}},"211":{"start":{"line":399,"column":6},"end":{"line":399,"column":25}},"212":{"start":{"line":400,"column":6},"end":{"line":400,"column":56}},"213":{"start":{"line":401,"column":6},"end":{"line":401,"column":13}},"214":{"start":{"line":403,"column":4},"end":{"line":403,"column":53}},"215":{"start":{"line":403,"column":15},"end":{"line":403,"column":53}},"216":{"start":{"line":405,"column":4},"end":{"line":405,"column":35}},"217":{"start":{"line":406,"column":4},"end":{"line":406,"column":24}},"218":{"start":{"line":407,"column":4},"end":{"line":407,"column":25}},"219":{"start":{"line":408,"column":4},"end":{"line":408,"column":42}},"220":{"start":{"line":410,"column":4},"end":{"line":410,"column":62}},"221":{"start":{"line":411,"column":4},"end":{"line":411,"column":31}},"222":{"start":{"line":412,"column":4},"end":{"line":412,"column":42}},"223":{"start":{"line":413,"column":4},"end":{"line":413,"column":38}},"224":{"start":{"line":414,"column":4},"end":{"line":414,"column":38}},"225":{"start":{"line":415,"column":4},"end":{"line":415,"column":34}},"226":{"start":{"line":429,"column":0},"end":{"line":438,"column":1}},"227":{"start":{"line":430,"column":2},"end":{"line":430,"column":65}},"228":{"start":{"line":431,"column":2},"end":{"line":437,"column":3}},"229":{"start":{"line":432,"column":4},"end":{"line":432,"column":73}},"230":{"start":{"line":433,"column":4},"end":{"line":433,"column":33}},"231":{"start":{"line":436,"column":4},"end":{"line":436,"column":19}},"232":{"start":{"line":446,"column":0},"end":{"line":458,"column":1}},"233":{"start":{"line":448,"column":2},"end":{"line":448,"column":84}},"234":{"start":{"line":451,"column":2},"end":{"line":451,"column":22}},"235":{"start":{"line":453,"column":2},"end":{"line":455,"column":4}},"236":{"start":{"line":456,"column":2},"end":{"line":456,"column":30}},"237":{"start":{"line":457,"column":2},"end":{"line":457,"column":12}}},"branchMap":{"1":{"line":41,"type":"if","locations":[{"start":{"line":41,"column":2},"end":{"line":41,"column":2}},{"start":{"line":41,"column":2},"end":{"line":41,"column":2}}]},"2":{"line":77,"type":"if","locations":[{"start":{"line":77,"column":2},"end":{"line":77,"column":2}},{"start":{"line":77,"column":2},"end":{"line":77,"column":2}}]},"3":{"line":82,"type":"if","locations":[{"start":{"line":82,"column":6},"end":{"line":82,"column":6}},{"start":{"line":82,"column":6},"end":{"line":82,"column":6}}]},"4":{"line":92,"type":"if","locations":[{"start":{"line":92,"column":4},"end":{"line":92,"column":4}},{"start":{"line":92,"column":4},"end":{"line":92,"column":4}}]},"5":{"line":95,"type":"if","locations":[{"start":{"line":95,"column":6},"end":{"line":95,"column":6}},{"start":{"line":95,"column":6},"end":{"line":95,"column":6}}]},"6":{"line":121,"type":"if","locations":[{"start":{"line":121,"column":4},"end":{"line":121,"column":4}},{"start":{"line":121,"column":4},"end":{"line":121,"column":4}}]},"7":{"line":124,"type":"binary-expr","locations":[{"start":{"line":124,"column":15},"end":{"line":124,"column":24}},{"start":{"line":124,"column":28},"end":{"line":124,"column":39}},{"start":{"line":124,"column":43},"end":{"line":124,"column":46}}]},"8":{"line":127,"type":"if","locations":[{"start":{"line":127,"column":4},"end":{"line":127,"column":4}},{"start":{"line":127,"column":4},"end":{"line":127,"column":4}}]},"9":{"line":144,"type":"if","locations":[{"start":{"line":144,"column":6},"end":{"line":144,"column":6}},{"start":{"line":144,"column":6},"end":{"line":144,"column":6}}]},"10":{"line":144,"type":"binary-expr","locations":[{"start":{"line":144,"column":10},"end":{"line":144,"column":27}},{"start":{"line":144,"column":31},"end":{"line":144,"column":61}}]},"11":{"line":152,"type":"if","locations":[{"start":{"line":152,"column":6},"end":{"line":152,"column":6}},{"start":{"line":152,"column":6},"end":{"line":152,"column":6}}]},"12":{"line":152,"type":"binary-expr","locations":[{"start":{"line":152,"column":10},"end":{"line":152,"column":17}},{"start":{"line":152,"column":21},"end":{"line":152,"column":39}}]},"13":{"line":159,"type":"if","locations":[{"start":{"line":159,"column":6},"end":{"line":159,"column":6}},{"start":{"line":159,"column":6},"end":{"line":159,"column":6}}]},"14":{"line":163,"type":"if","locations":[{"start":{"line":163,"column":8},"end":{"line":163,"column":8}},{"start":{"line":163,"column":8},"end":{"line":163,"column":8}}]},"15":{"line":165,"type":"if","locations":[{"start":{"line":165,"column":15},"end":{"line":165,"column":15}},{"start":{"line":165,"column":15},"end":{"line":165,"column":15}}]},"16":{"line":175,"type":"if","locations":[{"start":{"line":175,"column":4},"end":{"line":175,"column":4}},{"start":{"line":175,"column":4},"end":{"line":175,"column":4}}]},"17":{"line":181,"type":"if","locations":[{"start":{"line":181,"column":4},"end":{"line":181,"column":4}},{"start":{"line":181,"column":4},"end":{"line":181,"column":4}}]},"18":{"line":188,"type":"if","locations":[{"start":{"line":188,"column":4},"end":{"line":188,"column":4}},{"start":{"line":188,"column":4},"end":{"line":188,"column":4}}]},"19":{"line":194,"type":"if","locations":[{"start":{"line":194,"column":4},"end":{"line":194,"column":4}},{"start":{"line":194,"column":4},"end":{"line":194,"column":4}}]},"20":{"line":200,"type":"if","locations":[{"start":{"line":200,"column":4},"end":{"line":200,"column":4}},{"start":{"line":200,"column":4},"end":{"line":200,"column":4}}]},"21":{"line":218,"type":"if","locations":[{"start":{"line":218,"column":8},"end":{"line":218,"column":8}},{"start":{"line":218,"column":8},"end":{"line":218,"column":8}}]},"22":{"line":222,"type":"if","locations":[{"start":{"line":222,"column":10},"end":{"line":222,"column":10}},{"start":{"line":222,"column":10},"end":{"line":222,"column":10}}]},"23":{"line":224,"type":"if","locations":[{"start":{"line":224,"column":17},"end":{"line":224,"column":17}},{"start":{"line":224,"column":17},"end":{"line":224,"column":17}}]},"24":{"line":238,"type":"binary-expr","locations":[{"start":{"line":238,"column":66},"end":{"line":238,"column":75}},{"start":{"line":238,"column":79},"end":{"line":238,"column":82}}]},"25":{"line":240,"type":"if","locations":[{"start":{"line":240,"column":6},"end":{"line":240,"column":6}},{"start":{"line":240,"column":6},"end":{"line":240,"column":6}}]},"26":{"line":243,"type":"if","locations":[{"start":{"line":243,"column":13},"end":{"line":243,"column":13}},{"start":{"line":243,"column":13},"end":{"line":243,"column":13}}]},"27":{"line":284,"type":"binary-expr","locations":[{"start":{"line":284,"column":9},"end":{"line":284,"column":14}},{"start":{"line":284,"column":18},"end":{"line":284,"column":34}}]},"28":{"line":302,"type":"binary-expr","locations":[{"start":{"line":302,"column":72},"end":{"line":302,"column":81}},{"start":{"line":302,"column":85},"end":{"line":302,"column":88}}]},"29":{"line":319,"type":"binary-expr","locations":[{"start":{"line":319,"column":71},"end":{"line":319,"column":80}},{"start":{"line":319,"column":84},"end":{"line":319,"column":87}}]},"30":{"line":321,"type":"if","locations":[{"start":{"line":321,"column":4},"end":{"line":321,"column":4}},{"start":{"line":321,"column":4},"end":{"line":321,"column":4}}]},"31":{"line":324,"type":"if","locations":[{"start":{"line":324,"column":11},"end":{"line":324,"column":11}},{"start":{"line":324,"column":11},"end":{"line":324,"column":11}}]},"32":{"line":363,"type":"if","locations":[{"start":{"line":363,"column":4},"end":{"line":363,"column":4}},{"start":{"line":363,"column":4},"end":{"line":363,"column":4}}]},"33":{"line":397,"type":"if","locations":[{"start":{"line":397,"column":4},"end":{"line":397,"column":4}},{"start":{"line":397,"column":4},"end":{"line":397,"column":4}}]},"34":{"line":400,"type":"binary-expr","locations":[{"start":{"line":400,"column":15},"end":{"line":400,"column":24}},{"start":{"line":400,"column":28},"end":{"line":400,"column":39}},{"start":{"line":400,"column":43},"end":{"line":400,"column":46}}]},"35":{"line":403,"type":"if","locations":[{"start":{"line":403,"column":4},"end":{"line":403,"column":4}},{"start":{"line":403,"column":4},"end":{"line":403,"column":4}}]},"36":{"line":431,"type":"if","locations":[{"start":{"line":431,"column":2},"end":{"line":431,"column":2}},{"start":{"line":431,"column":2},"end":{"line":431,"column":2}}]}},"code":["","/**"," * Module dependencies."," */","","var net = require('net');","var url = require('url');","var http = require('http');","var assert = require('assert');","var debug = require('debug')('proxy');","","// log levels","debug.request = require('debug')('proxy ← ← ←');","debug.response = require('debug')('proxy → → →');","debug.proxyRequest = require('debug')('proxy ↑ ↑ ↑');","debug.proxyResponse = require('debug')('proxy ↓ ↓ ↓');","","// hostname","var hostname = require('os').hostname();","","// proxy server version","var version  = require('./package.json').version;","","/**"," * Module exports."," */","","module.exports = setup;","","/**"," * Sets up an `http.Server` or `https.Server` instance with the necessary"," * \"request\" and \"connect\" event listeners in order to make the server act as an"," * HTTP proxy."," *"," * @param {http.Server|https.Server} server"," * @param {Object} options"," * @api public"," */","","function setup (server, options) {","  if (!server) server = http.createServer();","  server.on('request', onrequest);","  server.on('connect', onconnect);","  return server;","}","","/**"," * 13.5.1 End-to-end and Hop-by-hop Headers"," *"," * Hop-by-hop headers must be removed by the proxy before passing it on to the"," * next endpoint. Per-request basis hop-by-hop headers MUST be listed in a"," * Connection header, (section 14.10) to be introduced into HTTP/1.1 (or later)."," */","","var hopByHopHeaders = [","  'Connection',","  'Keep-Alive',","  'Proxy-Authenticate',","  'Proxy-Authorization',","  'TE',","  'Trailers',","  'Transfer-Encoding',","  'Upgrade'","];","","// create a case-insensitive RegExp to match \"hop by hop\" headers","var isHopByHop = new RegExp('^(' + hopByHopHeaders.join('|') + ')$', 'i');","","/**"," * Iterator function for the request/response's \"headers\"."," * Invokes `fn` for \"each\" header entry in the request."," *"," * @api private"," */","","function eachHeader (obj, fn) {","  if (Array.isArray(obj.rawHeaders)) {","    // ideal scenario... >= node v0.11.x","    // every even entry is a \"key\", every odd entry is a \"value\"","    var key = null;","    obj.rawHeaders.forEach(function (v) {","      if (key === null) {","        key = v;","      } else {","        fn(key, v);","        key = null;","      }","    });","  } else {","    // otherwise we can *only* proxy the header names as lowercase'd","    var headers = obj.headers;","    if (!headers) return;","    Object.keys(headers).forEach(function (key) {","      var value = headers[key];","      if (Array.isArray(value)) {","        // set-cookie","        value.forEach(function (val) {","          fn(key, val);","        });","      } else {","        fn(key, value);","      }","    });","  }","}","","/**"," * HTTP GET/POST/DELETE/PUT, etc. proxy requests."," */","","function onrequest (req, res) {","  debug.request('%s %s HTTP/%s ', req.method, req.url, req.httpVersion);","  var server = this;","  var socket = req.socket;","","  // pause the socket during authentication so no data is lost","  socket.pause();","","  authenticate(server, req, function (err, auth) {","    socket.resume();","    if (err) {","      // an error occured during login!","      res.writeHead(500);","      res.end((err.stack || err.message || err) + '\\n');","      return;","    }","    if (!auth) return requestAuthorization(req, res);","    var parsed = url.parse(req.url);","","    // proxy the request HTTP method","    parsed.method = req.method;","","    // setup outbound proxy request HTTP headers","    var headers = {};","    var hasXForwardedFor = false;","    var hasVia = false;","    var via = '1.1 ' + hostname + ' (proxy/' + version + ')';","","    parsed.headers = headers;","    eachHeader(req, function (key, value) {","      debug.request('Request Header: \"%s: %s\"', key, value);","      var keyLower = key.toLowerCase();","","      if (!hasXForwardedFor && 'x-forwarded-for' === keyLower) {","        // append to existing \"X-Forwarded-For\" header","        // http://en.wikipedia.org/wiki/X-Forwarded-For","        hasXForwardedFor = true;","        value += ', ' + socket.remoteAddress;","        debug.proxyRequest('appending to existing \"%s\" header: \"%s\"', key, value);","      }","","      if (!hasVia && 'via' === keyLower) {","        // append to existing \"Via\" header","        hasVia = true;","        value += ', ' + via;","        debug.proxyRequest('appending to existing \"%s\" header: \"%s\"', key, value);","      }","","      if (isHopByHop.test(key)) {","        debug.proxyRequest('ignoring hop-by-hop header \"%s\"', key);","      } else {","        var v = headers[key];","        if (Array.isArray(v)) {","          v.push(value);","        } else if (null != v) {","          headers[key] = [ v, value ];","        } else {","          headers[key] = value;","        }","      }","    });","","    // add \"X-Forwarded-For\" header if it's still not here by now","    // http://en.wikipedia.org/wiki/X-Forwarded-For","    if (!hasXForwardedFor) {","      headers['X-Forwarded-For'] = socket.remoteAddress;","      debug.proxyRequest('adding new \"X-Forwarded-For\" header: \"%s\"', headers['X-Forwarded-For']);","    }","","    // add \"Via\" header if still not set by now","    if (!hasVia) {","      headers.Via = via;","      debug.proxyRequest('adding new \"Via\" header: \"%s\"', headers.Via);","    }","","    // custom `http.Agent` support, set `server.agent`","    var agent = server.agent;","    if (null != agent) {","      debug.proxyRequest('setting custom `http.Agent` option for proxy request: %s', agent);","      parsed.agent = agent;","      agent = null;","    }","","    if (null == parsed.port) {","      // default the port number if not specified, for >= node v0.11.6...","      // https://github.com/joyent/node/issues/6199","      parsed.port = 80;","    }","","    if ('http:' != parsed.protocol) {","      // only \"http://\" is supported, \"https://\" should use CONNECT method","      res.writeHead(400);","      res.end('Only \"http:\" protocol prefix is supported\\n');","      return;","    }","","    var gotResponse = false;","    var proxyReq = http.request(parsed);","    debug.proxyRequest('%s %s HTTP/1.1 ', proxyReq.method, proxyReq.path);","","    proxyReq.on('response', function (proxyRes) {","      debug.proxyResponse('HTTP/1.1 %s', proxyRes.statusCode);","      gotResponse = true;","","      var headers = {};","      eachHeader(proxyRes, function (key, value) {","        debug.proxyResponse('Proxy Response Header: \"%s: %s\"', key, value);","        if (isHopByHop.test(key)) {","          debug.response('ignoring hop-by-hop header \"%s\"', key);","        } else {","          var v = headers[key];","          if (Array.isArray(v)) {","            v.push(value);","          } else if (null != v) {","            headers[key] = [ v, value ];","          } else {","            headers[key] = value;","          }","        }","      });","","      debug.response('HTTP/1.1 %s', proxyRes.statusCode);","      res.writeHead(proxyRes.statusCode, headers);","      proxyRes.pipe(res);","      res.on('finish', onfinish);","    });","    proxyReq.on('error', function (err) {","      debug.proxyResponse('proxy HTTP request \"error\" event\\n%s', err.stack || err);","      cleanup();","      if (gotResponse) {","        debug.response('already sent a response, just destroying the socket...');","        socket.destroy();","      } else if ('ENOTFOUND' == err.code) {","        debug.response('HTTP/1.1 404 Not Found');","        res.writeHead(404);","        res.end();","      } else {","        debug.response('HTTP/1.1 500 Internal Server Error');","        res.writeHead(500);","        res.end();","      }","    });","","    // if the client closes the connection prematurely,","    // then close the upstream socket","    function onclose () {","      debug.request('client socket \"close\" event, aborting HTTP request to \"%s\"', req.url);","      proxyReq.abort();","      cleanup();","    }","    socket.on('close', onclose);","","    function onfinish () {","      debug.response('\"finish\" event');","      cleanup();","    }","","    function cleanup () {","      debug.response('cleanup');","      socket.removeListener('close', onclose);","      res.removeListener('finish', onfinish);","    }","","    req.pipe(proxyReq);","  });","}","","/**"," * HTTP CONNECT proxy requests."," */","","function onconnect (req, socket, head) {","  debug.request('%s %s HTTP/%s ', req.method, req.url, req.httpVersion);","  assert(!head || 0 == head.length, '\"head\" should be empty for proxy requests');","","  var res;","  var target;","  var gotResponse = false;","","  // define request socket event listeners","  function onclientclose (err) {","    debug.request('HTTP request %s socket \"close\" event', req.url);","  }","  socket.on('close', onclientclose);","","  function onclientend () {","    debug.request('HTTP request %s socket \"end\" event', req.url);","    cleanup();","  }","","  function onclienterror (err) {","    debug.request('HTTP request %s socket \"error\" event:\\n%s', req.url, err.stack || err);","  }","  socket.on('error', onclienterror);","","  // define target socket event listeners","  function ontargetclose () {","    debug.proxyResponse('proxy target %s \"close\" event', req.url);","    cleanup();","    socket.destroy();","  }","","  function ontargetend () {","    debug.proxyResponse('proxy target %s \"end\" event', req.url);","    cleanup();","  }","","  function ontargeterror (err) {","    debug.proxyResponse('proxy target %s \"error\" event:\\n%s', req.url, err.stack || err);","    cleanup();","    if (gotResponse) {","      debug.response('already sent a response, just destroying the socket...');","      socket.destroy();","    } else if ('ENOTFOUND' == err.code) {","      debug.response('HTTP/1.1 404 Not Found');","      res.writeHead(404);","      res.end();","    } else {","      debug.response('HTTP/1.1 500 Internal Server Error');","      res.writeHead(500);","      res.end();","    }","  }","","  function ontargetconnect () {","    debug.proxyResponse('proxy target %s \"connect\" event', req.url);","    debug.response('HTTP/1.1 200 Connection established');","    gotResponse = true;","    res.removeListener('finish', onfinish);","","    res.writeHead(200, 'Connection established');","","    // HACK: force a flush of the HTTP header","    res._send('');","","    // relinquish control of the `socket` from the ServerResponse instance","    res.detachSocket(socket);","","    // nullify the ServerResponse object, so that it can be cleaned","    // up before this socket proxying is completed","    res = null;","","    socket.pipe(target);","    target.pipe(socket);","  }","","  // cleans up event listeners for the `socket` and `target` sockets","  function cleanup () {","    debug.response('cleanup');","    socket.removeListener('close', onclientclose);","    socket.removeListener('error', onclienterror);","    socket.removeListener('end', onclientend);","    if (target) {","      target.removeListener('connect', ontargetconnect);","      target.removeListener('close', ontargetclose);","      target.removeListener('error', ontargeterror);","      target.removeListener('end', ontargetend);","    }","  }","","  // create the `res` instance for this request since Node.js","  // doesn't provide us with one :(","  // XXX: this is undocumented API, so it will break some day (ノಠ益ಠ)ノ彡┻━┻","  res = new http.ServerResponse(req);","  res.shouldKeepAlive = false;","  res.chunkedEncoding = false;","  res.useChunkedEncodingByDefault = false;","  res.assignSocket(socket);","","  // called for the ServerResponse's \"finish\" event","  // XXX: normally, node's \"http\" module has a \"finish\" event listener that would","  // take care of closing the socket once the HTTP response has completed, but","  // since we're making this ServerResponse instance manually, that event handler","  // never gets hooked up, so we must manually close the socket...","  function onfinish () {","    debug.response('response \"finish\" event');","    res.detachSocket(socket);","    socket.end();","  }","  res.once('finish', onfinish);","","  // pause the socket during authentication so no data is lost","  socket.pause();","","  authenticate(this, req, function (err, auth) {","    socket.resume();","    if (err) {","      // an error occured during login!","      res.writeHead(500);","      res.end((err.stack || err.message || err) + '\\n');","      return;","    }","    if (!auth) return requestAuthorization(req, res);","","    var parts = req.url.split(':');","    var host = parts[0];","    var port = +parts[1];","    var opts = { host: host, port: port };","","    debug.proxyRequest('connecting to proxy target %j', opts);","    target = net.connect(opts);","    target.on('connect', ontargetconnect);","    target.on('close', ontargetclose);","    target.on('error', ontargeterror);","    target.on('end', ontargetend);","  });","}","","/**"," * Checks `Proxy-Authorization` request headers. Same logic applied to CONNECT"," * requests as well as regular HTTP requests."," *"," * @param {http.Server} server"," * @param {http.ServerRequest} req"," * @param {Function} fn callback function"," * @api private"," */","","function authenticate (server, req, fn) {","  var hasAuthenticate = 'function' == typeof server.authenticate;","  if (hasAuthenticate) {","    debug.request('authenticating request \"%s %s\"', req.method, req.url);","    server.authenticate(req, fn);","  } else {","    // no `server.authenticate()` function, so just allow the request","    fn(null, true);","  }","}","","/**"," * Sends a \"407 Proxy Authentication Required\" HTTP response to the `socket`."," *"," * @api private"," */","","function requestAuthorization (req, res) {","  // request Basic proxy authorization","  debug.response('requesting proxy authorization for \"%s %s\"', req.method, req.url);","","  // TODO: make \"realm\" and \"type\" (Basic) be configurable...","  var realm = 'proxy';","","  var headers = {","    'Proxy-Authenticate': 'Basic realm=\"' + realm + '\"'","  };","  res.writeHead(407, headers);","  res.end();","}",""],"l":{"6":1,"7":1,"8":1,"9":1,"10":1,"13":1,"14":1,"15":1,"16":1,"19":1,"22":1,"28":1,"40":1,"41":0,"42":0,"43":0,"44":0,"55":1,"67":1,"76":1,"77":0,"80":0,"81":0,"82":0,"83":0,"85":0,"86":0,"91":0,"92":0,"93":0,"94":0,"95":0,"97":0,"98":0,"101":0,"111":1,"112":0,"113":0,"114":0,"117":0,"119":0,"120":0,"121":0,"123":0,"124":0,"125":0,"127":0,"128":0,"131":0,"134":0,"135":0,"136":0,"137":0,"139":0,"140":0,"141":0,"142":0,"144":0,"147":0,"148":0,"149":0,"152":0,"154":0,"155":0,"156":0,"159":0,"160":0,"162":0,"163":0,"164":0,"165":0,"166":0,"168":0,"175":0,"176":0,"177":0,"181":0,"182":0,"183":0,"187":0,"188":0,"189":0,"190":0,"191":0,"194":0,"197":0,"200":0,"202":0,"203":0,"204":0,"207":0,"208":0,"209":0,"211":0,"212":0,"213":0,"215":0,"216":0,"217":0,"218":0,"219":0,"221":0,"222":0,"223":0,"224":0,"225":0,"227":0,"232":0,"233":0,"234":0,"235":0,"237":0,"238":0,"239":0,"240":0,"241":0,"242":0,"243":0,"244":0,"245":0,"246":0,"248":0,"249":0,"250":0,"256":1,"257":0,"258":0,"259":0,"261":0,"263":1,"264":0,"265":0,"268":1,"269":0,"270":0,"271":0,"274":0,"282":1,"283":0,"284":0,"286":0,"287":0,"288":0,"291":1,"292":0,"294":0,"296":1,"297":0,"298":0,"301":1,"302":0,"304":0,"307":1,"308":0,"309":0,"310":0,"313":1,"314":0,"315":0,"318":1,"319":0,"320":0,"321":0,"322":0,"323":0,"324":0,"325":0,"326":0,"327":0,"329":0,"330":0,"331":0,"335":1,"336":0,"337":0,"338":0,"339":0,"341":0,"344":0,"347":0,"351":0,"353":0,"354":0,"358":1,"359":0,"360":0,"361":0,"362":0,"363":0,"364":0,"365":0,"366":0,"367":0,"374":0,"375":0,"376":0,"377":0,"378":0,"385":1,"386":0,"387":0,"388":0,"390":0,"393":0,"395":0,"396":0,"397":0,"399":0,"400":0,"401":0,"403":0,"405":0,"406":0,"407":0,"408":0,"410":0,"411":0,"412":0,"413":0,"414":0,"415":0,"429":1,"430":0,"431":0,"432":0,"433":0,"436":0,"446":1,"448":0,"451":0,"453":0,"456":0,"457":0}}}